Added Component: Designator=ANT1(SMD Ground Antenna)
Added Component: Designator=ANT2(SMD Ground Antenna)
Added Component: Designator=B1(2450BM14A0002)
Added Component: Designator=B2(2450BM15A0002)
Added Component: Designator=C1(0402)
Added Component: Designator=C2(0402)
Added Component: Designator=C3(0402)
Added Component: Designator=C4(0402)
Added Component: Designator=C5(0402)
Added Component: Designator=C6(0402)
Added Component: Designator=C7(0402)
Added Component: Designator=C8(0402)
Added Component: Designator=C9(0402)
Added Component: Designator=C10(0402)
Added Component: Designator=C11(0402)
Added Component: Designator=C12(0402)
Added Component: Designator=C13(0402)
Added Component: Designator=C14(0402)
Added Component: Designator=C15(0402)
Added Component: Designator=C16(0402)
Added Component: Designator=C17(0402)
Added Component: Designator=C18(0402)
Added Component: Designator=C19(0402)
Added Component: Designator=C20(0402)
Added Component: Designator=C21(0402)
Added Component: Designator=C22(0402)
Added Component: Designator=C23(0402)
Added Component: Designator=C24(0402)
Added Component: Designator=C25(0603)
Added Component: Designator=C26(0402)
Added Component: Designator=C27(0603)
Added Component: Designator=C28(0402)
Added Component: Designator=C29(0603)
Added Component: Designator=C30(0402)
Added Component: Designator=C31(0402)
Added Component: Designator=C32(0402)
Added Component: Designator=C33(0402)
Added Component: Designator=C34(0603 - Polar Marking)
Added Component: Designator=C35(0402)
Added Component: Designator=C36(0402)
Added Component: Designator=C37(0402)
Added Component: Designator=C38(0402)
Added Component: Designator=C39(0402)
Added Component: Designator=C40(0402)
Added Component: Designator=C41(0402)
Added Component: Designator=C42(0402)
Added Component: Designator=C43(0402)
Added Component: Designator=C44(0402)
Added Component: Designator=C45(0402)
Added Component: Designator=C46(0402)
Added Component: Designator=C47(0402)
Added Component: Designator=C48(0402)
Added Component: Designator=C49(0402)
Added Component: Designator=C50(0402)
Added Component: Designator=C51(0402)
Added Component: Designator=C52(0402)
Added Component: Designator=D1(0402 - DIODE)
Added Component: Designator=D2(0603 - DIODE)
Added Component: Designator=D3(0404)
Added Component: Designator=FB1(0402)
Added Component: Designator=J1(Micro USB-B)
Added Component: Designator=L1(0402)
Added Component: Designator=L2(0603)
Added Component: Designator=Q1(SC70-3)
Added Component: Designator=Q2(SC70-3)
Added Component: Designator=R1(0402)
Added Component: Designator=R2(0402)
Added Component: Designator=R3(0402)
Added Component: Designator=R5(0402)
Added Component: Designator=R6(0402)
Added Component: Designator=R7(0402)
Added Component: Designator=R8(0402)
Added Component: Designator=R9(0402)
Added Component: Designator=R10(0402)
Added Component: Designator=R11(0402)
Added Component: Designator=R12(0402)
Added Component: Designator=R13(0402)
Added Component: Designator=R14(0402)
Added Component: Designator=R15(0402)
Added Component: Designator=R16(0402)
Added Component: Designator=R17(0402)
Added Component: Designator=R18(0402)
Added Component: Designator=R22(0201)
Added Component: Designator=R23(0201)
Added Component: Designator=R24(0201)
Added Component: Designator=U1(QFN50P500X500X90_HS-33N)
Added Component: Designator=U3(QFN50P800X800X100_HS-57N)
Added Component: Designator=U5(WSON)
Added Component: Designator=U6(SOT23-3N)
Added Component: Designator=U7(TSOT23-5)
Added Component: Designator=U8(SOT23-5)
Added Component: Designator=U9(QFN-32)
Added Component: Designator=U10(LGA_CC-16-4)
Added Component: Designator=U11(TSOP65P280X145-8N)
Added Component: Designator=U12(SC70-5)
Added Component: Designator=U13(SC70-5)
Added Component: Designator=U15(QFN50P155X200X13-10N)
Added Component: Designator=U16(NC7WZ14L6X)
Added Component: Designator=UT1(Transducer recepticle)
Added Component: Designator=X1(TSX-3225)
Added Component: Designator=X2(FA-128)
Added Component: Designator=Y1(RV4162)
Added Pin To Net: NetName=ACCER_CS Pin=U3-45
Added Pin To Net: NetName=ACCER_CS Pin=U10-8
Added Net: Name=ACCER_CS
Added Pin To Net: NetName=ACCER_INT_1 Pin=U10-11
Added Net: Name=ACCER_INT_1
Added Pin To Net: NetName=ACCER_INT_2 Pin=U10-9
Added Net: Name=ACCER_INT_2
Added Pin To Net: NetName=AMP1_OUT Pin=C44-1
Added Pin To Net: NetName=AMP1_OUT Pin=R8-2
Added Pin To Net: NetName=AMP1_OUT Pin=U12-4
Added Net: Name=AMP1_OUT
Added Pin To Net: NetName=AMP2_OUT Pin=C47-1
Added Pin To Net: NetName=AMP2_OUT Pin=R9-2
Added Pin To Net: NetName=AMP2_OUT Pin=U11-7
Added Net: Name=AMP2_OUT
Added Pin To Net: NetName=AMP3_OUT Pin=R12-2
Added Pin To Net: NetName=AMP3_OUT Pin=R15-1
Added Pin To Net: NetName=AMP3_OUT Pin=U11-1
Added Net: Name=AMP3_OUT
Added Pin To Net: NetName=BLE_ACTIVE Pin=U1-6
Added Pin To Net: NetName=BLE_ACTIVE Pin=U3-53
Added Net: Name=BLE_ACTIVE
Added Pin To Net: NetName=BLE_ANT_N Pin=B1-3
Added Pin To Net: NetName=BLE_ANT_N Pin=U1-22
Added Net: Name=BLE_ANT_N
Added Pin To Net: NetName=BLE_ANT_P Pin=B1-4
Added Pin To Net: NetName=BLE_ANT_P Pin=U1-21
Added Net: Name=BLE_ANT_P
Added Pin To Net: NetName=BLE_RDYN Pin=U1-16
Added Pin To Net: NetName=BLE_RDYN Pin=U3-48
Added Net: Name=BLE_RDYN
Added Pin To Net: NetName=BLE_REQN Pin=U1-12
Added Pin To Net: NetName=BLE_REQN Pin=U3-51
Added Net: Name=BLE_REQN
Added Pin To Net: NetName=BLE_RESET Pin=U1-19
Added Pin To Net: NetName=BLE_RESET Pin=U3-44
Added Net: Name=BLE_RESET
Added Pin To Net: NetName=CC2538_RESET_N Pin=C23-1
Added Pin To Net: NetName=CC2538_RESET_N Pin=R3-1
Added Pin To Net: NetName=CC2538_RESET_N Pin=U3-28
Added Net: Name=CC2538_RESET_N
Added Pin To Net: NetName=CC2538_UBAL Pin=ANT1-1
Added Pin To Net: NetName=CC2538_UBAL Pin=B2-1
Added Net: Name=CC2538_UBAL
Added Pin To Net: NetName=CHG Pin=D1-2
Added Pin To Net: NetName=CHG Pin=U8-3
Added Net: Name=CHG
Added Pin To Net: NetName=COMP1_OUT Pin=R14-2
Added Pin To Net: NetName=COMP1_OUT Pin=R16-1
Added Pin To Net: NetName=COMP1_OUT Pin=U3-13
Added Pin To Net: NetName=COMP1_OUT Pin=U13-1
Added Net: Name=COMP1_OUT
Added Pin To Net: NetName=DCOUPL2 Pin=C21-1
Added Pin To Net: NetName=DCOUPL2 Pin=U3-32
Added Net: Name=DCOUPL2
Added Pin To Net: NetName=FLASH_CS Pin=U3-54
Added Pin To Net: NetName=FLASH_CS Pin=U5-1
Added Net: Name=FLASH_CS
Added Pin To Net: NetName=FLASH_HOLD Pin=U3-26
Added Pin To Net: NetName=FLASH_HOLD Pin=U5-7
Added Net: Name=FLASH_HOLD
Added Pin To Net: NetName=FLASH_PWR Pin=Q1-1
Added Pin To Net: NetName=FLASH_PWR Pin=U3-11
Added Net: Name=FLASH_PWR
Added Pin To Net: NetName=FLASH_WP Pin=R5-2
Added Pin To Net: NetName=FLASH_WP Pin=U5-3
Added Net: Name=FLASH_WP
Added Pin To Net: NetName=GND Pin=B1-2
Added Pin To Net: NetName=GND Pin=B1-5
Added Pin To Net: NetName=GND Pin=B2-2
Added Pin To Net: NetName=GND Pin=B2-5
Added Pin To Net: NetName=GND Pin=B2-6
Added Pin To Net: NetName=GND Pin=C1-2
Added Pin To Net: NetName=GND Pin=C2-2
Added Pin To Net: NetName=GND Pin=C3-1
Added Pin To Net: NetName=GND Pin=C4-2
Added Pin To Net: NetName=GND Pin=C5-2
Added Pin To Net: NetName=GND Pin=C6-2
Added Pin To Net: NetName=GND Pin=C7-2
Added Pin To Net: NetName=GND Pin=C8-2
Added Pin To Net: NetName=GND Pin=C9-2
Added Pin To Net: NetName=GND Pin=C10-2
Added Pin To Net: NetName=GND Pin=C11-2
Added Pin To Net: NetName=GND Pin=C12-2
Added Pin To Net: NetName=GND Pin=C13-2
Added Pin To Net: NetName=GND Pin=C14-2
Added Pin To Net: NetName=GND Pin=C15-2
Added Pin To Net: NetName=GND Pin=C16-2
Added Pin To Net: NetName=GND Pin=C17-2
Added Pin To Net: NetName=GND Pin=C18-2
Added Pin To Net: NetName=GND Pin=C19-2
Added Pin To Net: NetName=GND Pin=C20-2
Added Pin To Net: NetName=GND Pin=C21-2
Added Pin To Net: NetName=GND Pin=C22-1
Added Pin To Net: NetName=GND Pin=C23-2
Added Pin To Net: NetName=GND Pin=C24-1
Added Pin To Net: NetName=GND Pin=C25-2
Added Pin To Net: NetName=GND Pin=C26-2
Added Pin To Net: NetName=GND Pin=C27-2
Added Pin To Net: NetName=GND Pin=C28-2
Added Pin To Net: NetName=GND Pin=C29-2
Added Pin To Net: NetName=GND Pin=C30-2
Added Pin To Net: NetName=GND Pin=C31-2
Added Pin To Net: NetName=GND Pin=C32-2
Added Pin To Net: NetName=GND Pin=C33-2
Added Pin To Net: NetName=GND Pin=C34-2
Added Pin To Net: NetName=GND Pin=C35-2
Added Pin To Net: NetName=GND Pin=C36-2
Added Pin To Net: NetName=GND Pin=C37-2
Added Pin To Net: NetName=GND Pin=C38-2
Added Pin To Net: NetName=GND Pin=C39-2
Added Pin To Net: NetName=GND Pin=C40-2
Added Pin To Net: NetName=GND Pin=C41-2
Added Pin To Net: NetName=GND Pin=C42-2
Added Pin To Net: NetName=GND Pin=C45-2
Added Pin To Net: NetName=GND Pin=C46-2
Added Pin To Net: NetName=GND Pin=C48-2
Added Pin To Net: NetName=GND Pin=C49-2
Added Pin To Net: NetName=GND Pin=C50-2
Added Pin To Net: NetName=GND Pin=C51-2
Added Pin To Net: NetName=GND Pin=C52-2
Added Pin To Net: NetName=GND Pin=J1-5
Added Pin To Net: NetName=GND Pin=R1-2
Added Pin To Net: NetName=GND Pin=R2-2
Added Pin To Net: NetName=GND Pin=R6-2
Added Pin To Net: NetName=GND Pin=R17-2
Added Pin To Net: NetName=GND Pin=R18-2
Added Pin To Net: NetName=GND Pin=U1-8
Added Pin To Net: NetName=GND Pin=U1-17
Added Pin To Net: NetName=GND Pin=U1-18
Added Pin To Net: NetName=GND Pin=U1-23
Added Pin To Net: NetName=GND Pin=U1-30
Added Pin To Net: NetName=GND Pin=U1-31
Added Pin To Net: NetName=GND Pin=U1-33
Added Pin To Net: NetName=GND Pin=U3-1
Added Pin To Net: NetName=GND Pin=U3-57
Added Pin To Net: NetName=GND Pin=U5-4
Added Pin To Net: NetName=GND Pin=U5-9
Added Pin To Net: NetName=GND Pin=U6-3
Added Pin To Net: NetName=GND Pin=U7-2
Added Pin To Net: NetName=GND Pin=U8-2
Added Pin To Net: NetName=GND Pin=U9-4
Added Pin To Net: NetName=GND Pin=U9-17
Added Pin To Net: NetName=GND Pin=U9-20
Added Pin To Net: NetName=GND Pin=U9-24
Added Pin To Net: NetName=GND Pin=U9-26
Added Pin To Net: NetName=GND Pin=U9-33
Added Pin To Net: NetName=GND Pin=U10-12
Added Pin To Net: NetName=GND Pin=U10-13
Added Pin To Net: NetName=GND Pin=U10-16
Added Pin To Net: NetName=GND Pin=U11-4
Added Pin To Net: NetName=GND Pin=U12-2
Added Pin To Net: NetName=GND Pin=U13-2
Added Pin To Net: NetName=GND Pin=U15-1
Added Pin To Net: NetName=GND Pin=U15-10
Added Pin To Net: NetName=GND Pin=U16-2
Added Pin To Net: NetName=GND Pin=X1-2
Added Pin To Net: NetName=GND Pin=X1-4
Added Pin To Net: NetName=GND Pin=Y1-3
Added Net: Name=GND
Added Pin To Net: NetName=I2C_SCL Pin=U3-29
Added Pin To Net: NetName=I2C_SCL Pin=Y1-8
Added Net: Name=I2C_SCL
Added Pin To Net: NetName=I2C_SDA Pin=U3-30
Added Pin To Net: NetName=I2C_SDA Pin=Y1-1
Added Net: Name=I2C_SDA
Added Pin To Net: NetName=INTEGRATOR_OUT Pin=C51-1
Added Pin To Net: NetName=INTEGRATOR_OUT Pin=D2-2
Added Pin To Net: NetName=INTEGRATOR_OUT Pin=R18-1
Added Pin To Net: NetName=INTEGRATOR_OUT Pin=U3-14
Added Net: Name=INTEGRATOR_OUT
Added Pin To Net: NetName=LED_BLUE Pin=D3-3
Added Pin To Net: NetName=LED_BLUE Pin=R23-1
Added Net: Name=LED_BLUE
Added Pin To Net: NetName=LED_GREEN Pin=D3-4
Added Pin To Net: NetName=LED_GREEN Pin=R22-1
Added Net: Name=LED_GREEN
Added Pin To Net: NetName=LED_RED Pin=D3-2
Added Pin To Net: NetName=LED_RED Pin=R24-1
Added Net: Name=LED_RED
Added Pin To Net: NetName=NetC1_1 Pin=C1-1
Added Pin To Net: NetName=NetC1_1 Pin=U1-28
Added Pin To Net: NetName=NetC1_1 Pin=X1-1
Added Net: Name=NetC1_1
Added Pin To Net: NetName=NetC2_1 Pin=C2-1
Added Pin To Net: NetName=NetC2_1 Pin=L1-1
Added Pin To Net: NetName=NetC2_1 Pin=U1-29
Added Net: Name=NetC2_1
Added Pin To Net: NetName=NetC3_2 Pin=C3-2
Added Pin To Net: NetName=NetC3_2 Pin=U1-27
Added Pin To Net: NetName=NetC3_2 Pin=X1-3
Added Net: Name=NetC3_2
Added Pin To Net: NetName=NetC6_1 Pin=C6-1
Added Pin To Net: NetName=NetC6_1 Pin=U1-2
Added Net: Name=NetC6_1
Added Pin To Net: NetName=NetC7_1 Pin=C7-1
Added Pin To Net: NetName=NetC7_1 Pin=U1-3
Added Net: Name=NetC7_1
Added Pin To Net: NetName=NetC8_1 Pin=C8-1
Added Pin To Net: NetName=NetC8_1 Pin=U1-20
Added Net: Name=NetC8_1
Added Pin To Net: NetName=NetC17_1 Pin=C17-1
Added Pin To Net: NetName=NetC17_1 Pin=U3-56
Added Net: Name=NetC17_1
Added Pin To Net: NetName=NetC43_2 Pin=C43-2
Added Pin To Net: NetName=NetC43_2 Pin=R10-1
Added Net: Name=NetC43_2
Added Pin To Net: NetName=NetC44_2 Pin=C44-2
Added Pin To Net: NetName=NetC44_2 Pin=R11-1
Added Net: Name=NetC44_2
Added Pin To Net: NetName=NetC47_2 Pin=C47-2
Added Pin To Net: NetName=NetC47_2 Pin=R13-2
Added Net: Name=NetC47_2
Added Pin To Net: NetName=NetD1_1 Pin=D1-1
Added Pin To Net: NetName=NetD1_1 Pin=R7-2
Added Net: Name=NetD1_1
Added Pin To Net: NetName=NetD2_1 Pin=D2-1
Added Pin To Net: NetName=NetD2_1 Pin=R16-2
Added Net: Name=NetD2_1
Added Pin To Net: NetName=NetJ1_2 Pin=J1-2
Added Pin To Net: NetName=NetJ1_2 Pin=U9-15
Added Net: Name=NetJ1_2
Added Pin To Net: NetName=NetJ1_3 Pin=J1-3
Added Pin To Net: NetName=NetJ1_3 Pin=U9-14
Added Net: Name=NetJ1_3
Added Pin To Net: NetName=NetL1_2 Pin=L1-2
Added Pin To Net: NetName=NetL1_2 Pin=L2-1
Added Net: Name=NetL1_2
Added Pin To Net: NetName=NetL2_2 Pin=L2-2
Added Pin To Net: NetName=NetL2_2 Pin=U1-32
Added Net: Name=NetL2_2
Added Pin To Net: NetName=NetQ2_3 Pin=Q2-3
Added Pin To Net: NetName=NetQ2_3 Pin=R3-2
Added Net: Name=NetQ2_3
Added Pin To Net: NetName=NetR1_1 Pin=R1-1
Added Pin To Net: NetName=NetR1_1 Pin=U1-25
Added Net: Name=NetR1_1
Added Pin To Net: NetName=NetR2_1 Pin=R2-1
Added Pin To Net: NetName=NetR2_1 Pin=U3-42
Added Net: Name=NetR2_1
Added Pin To Net: NetName=NetR8_1 Pin=R8-1
Added Pin To Net: NetName=NetR8_1 Pin=R10-2
Added Pin To Net: NetName=NetR8_1 Pin=U12-3
Added Net: Name=NetR8_1
Added Pin To Net: NetName=NetR9_1 Pin=R9-1
Added Pin To Net: NetName=NetR9_1 Pin=R11-2
Added Pin To Net: NetName=NetR9_1 Pin=U11-6
Added Net: Name=NetR9_1
Added Pin To Net: NetName=NetR12_1 Pin=R12-1
Added Pin To Net: NetName=NetR12_1 Pin=R13-1
Added Pin To Net: NetName=NetR12_1 Pin=U11-2
Added Net: Name=NetR12_1
Added Pin To Net: NetName=NetR14_1 Pin=R14-1
Added Pin To Net: NetName=NetR14_1 Pin=R15-2
Added Pin To Net: NetName=NetR14_1 Pin=R17-1
Added Pin To Net: NetName=NetR14_1 Pin=U13-3
Added Net: Name=NetR14_1
Added Pin To Net: NetName=NetR22_2 Pin=R22-2
Added Pin To Net: NetName=NetR22_2 Pin=U3-9
Added Net: Name=NetR22_2
Added Pin To Net: NetName=NetR23_2 Pin=R23-2
Added Pin To Net: NetName=NetR23_2 Pin=U3-7
Added Net: Name=NetR23_2
Added Pin To Net: NetName=NetR24_2 Pin=R24-2
Added Pin To Net: NetName=NetR24_2 Pin=U3-5
Added Net: Name=NetR24_2
Added Pin To Net: NetName=NRF8001_BALUN Pin=ANT2-1
Added Pin To Net: NetName=NRF8001_BALUN Pin=B1-1
Added Net: Name=NRF8001_BALUN
Added Pin To Net: NetName=OP_IN Pin=C43-1
Added Pin To Net: NetName=OP_IN Pin=U15-9
Added Net: Name=OP_IN
Added Pin To Net: NetName=PWM Pin=U3-20
Added Pin To Net: NetName=PWM Pin=U16-3
Added Net: Name=PWM
Added Pin To Net: NetName=RF_N Pin=B2-3
Added Pin To Net: NetName=RF_N Pin=U3-38
Added Net: Name=RF_N
Added Pin To Net: NetName=RF_P Pin=B2-4
Added Pin To Net: NetName=RF_P Pin=U3-37
Added Net: Name=RF_P
Added Pin To Net: NetName=ROM_CONTROL Pin=U3-18
Added Pin To Net: NetName=ROM_CONTROL Pin=U9-31
Added Net: Name=ROM_CONTROL
Added Pin To Net: NetName=ROM_RESET Pin=Q2-2
Added Pin To Net: NetName=ROM_RESET Pin=U9-32
Added Net: Name=ROM_RESET
Added Pin To Net: NetName=ROM_UART_RXD Pin=U3-16
Added Pin To Net: NetName=ROM_UART_RXD Pin=U9-30
Added Net: Name=ROM_UART_RXD
Added Pin To Net: NetName=ROM_UART_TXD Pin=U3-17
Added Pin To Net: NetName=ROM_UART_TXD Pin=U9-2
Added Net: Name=ROM_UART_TXD
Added Pin To Net: NetName=RTC_CLKOUT Pin=U1-5
Added Pin To Net: NetName=RTC_CLKOUT Pin=Y1-2
Added Net: Name=RTC_CLKOUT
Added Pin To Net: NetName=RTC_INT Pin=Y1-6
Added Net: Name=RTC_INT
Added Pin To Net: NetName=SPI_MISO Pin=U1-14
Added Pin To Net: NetName=SPI_MISO Pin=U3-49
Added Pin To Net: NetName=SPI_MISO Pin=U5-2
Added Pin To Net: NetName=SPI_MISO Pin=U10-7
Added Net: Name=SPI_MISO
Added Pin To Net: NetName=SPI_MOSI Pin=U1-13
Added Pin To Net: NetName=SPI_MOSI Pin=U3-50
Added Pin To Net: NetName=SPI_MOSI Pin=U5-5
Added Pin To Net: NetName=SPI_MOSI Pin=U10-6
Added Net: Name=SPI_MOSI
Added Pin To Net: NetName=SPI_SCK Pin=U1-11
Added Pin To Net: NetName=SPI_SCK Pin=U3-52
Added Pin To Net: NetName=SPI_SCK Pin=U5-6
Added Pin To Net: NetName=SPI_SCK Pin=U10-4
Added Net: Name=SPI_SCK
Added Pin To Net: NetName=TX_1 Pin=U15-4
Added Pin To Net: NetName=TX_1 Pin=U16-6
Added Net: Name=TX_1
Added Pin To Net: NetName=TX_2 Pin=U15-6
Added Pin To Net: NetName=TX_2 Pin=U16-1
Added Pin To Net: NetName=TX_2 Pin=U16-4
Added Net: Name=TX_2
Added Pin To Net: NetName=TXRX_SELECT Pin=U3-19
Added Pin To Net: NetName=TXRX_SELECT Pin=U15-2
Added Pin To Net: NetName=TXRX_SELECT Pin=U15-8
Added Net: Name=TXRX_SELECT
Added Pin To Net: NetName=UL1 Pin=U15-3
Added Pin To Net: NetName=UL1 Pin=UT1-2
Added Net: Name=UL1
Added Pin To Net: NetName=UL2 Pin=U15-7
Added Pin To Net: NetName=UL2 Pin=UT1-1
Added Net: Name=UL2
Added Pin To Net: NetName=VBAT Pin=C28-1
Added Pin To Net: NetName=VBAT Pin=C32-1
Added Pin To Net: NetName=VBAT Pin=U7-1
Added Pin To Net: NetName=VBAT Pin=U7-3
Added Pin To Net: NetName=VBAT Pin=U8-5
Added Net: Name=VBAT
Added Pin To Net: NetName=VBUS Pin=C31-1
Added Pin To Net: NetName=VBUS Pin=C35-1
Added Pin To Net: NetName=VBUS Pin=FB1-2
Added Pin To Net: NetName=VBUS Pin=J1-1
Added Pin To Net: NetName=VBUS Pin=U8-1
Added Net: Name=VBUS
Added Pin To Net: NetName=VCC3.3-USB Pin=C33-1
Added Pin To Net: NetName=VCC3.3-USB Pin=Q2-1
Added Pin To Net: NetName=VCC3.3-USB Pin=R6-1
Added Pin To Net: NetName=VCC3.3-USB Pin=R7-1
Added Pin To Net: NetName=VCC3.3-USB Pin=U9-1
Added Pin To Net: NetName=VCC3.3-USB Pin=U9-16
Added Net: Name=VCC3.3-USB
Added Pin To Net: NetName=VCC3.3 Pin=C4-1
Added Pin To Net: NetName=VCC3.3 Pin=C5-1
Added Pin To Net: NetName=VCC3.3 Pin=C9-1
Added Pin To Net: NetName=VCC3.3 Pin=C10-1
Added Pin To Net: NetName=VCC3.3 Pin=C11-1
Added Pin To Net: NetName=VCC3.3 Pin=C12-1
Added Pin To Net: NetName=VCC3.3 Pin=C13-1
Added Pin To Net: NetName=VCC3.3 Pin=C14-1
Added Pin To Net: NetName=VCC3.3 Pin=C15-1
Added Pin To Net: NetName=VCC3.3 Pin=C16-1
Added Pin To Net: NetName=VCC3.3 Pin=C18-1
Added Pin To Net: NetName=VCC3.3 Pin=C19-1
Added Pin To Net: NetName=VCC3.3 Pin=C25-1
Added Pin To Net: NetName=VCC3.3 Pin=C26-1
Added Pin To Net: NetName=VCC3.3 Pin=C29-1
Added Pin To Net: NetName=VCC3.3 Pin=C30-1
Added Pin To Net: NetName=VCC3.3 Pin=C37-1
Added Pin To Net: NetName=VCC3.3 Pin=C38-1
Added Pin To Net: NetName=VCC3.3 Pin=C39-1
Added Pin To Net: NetName=VCC3.3 Pin=C40-1
Added Pin To Net: NetName=VCC3.3 Pin=C41-1
Added Pin To Net: NetName=VCC3.3 Pin=C42-1
Added Pin To Net: NetName=VCC3.3 Pin=C49-1
Added Pin To Net: NetName=VCC3.3 Pin=C50-1
Added Pin To Net: NetName=VCC3.3 Pin=D3-1
Added Pin To Net: NetName=VCC3.3 Pin=Q1-2
Added Pin To Net: NetName=VCC3.3 Pin=U1-1
Added Pin To Net: NetName=VCC3.3 Pin=U1-9
Added Pin To Net: NetName=VCC3.3 Pin=U1-24
Added Pin To Net: NetName=VCC3.3 Pin=U1-26
Added Pin To Net: NetName=VCC3.3 Pin=U3-10
Added Pin To Net: NetName=VCC3.3 Pin=U3-15
Added Pin To Net: NetName=VCC3.3 Pin=U3-24
Added Pin To Net: NetName=VCC3.3 Pin=U3-33
Added Pin To Net: NetName=VCC3.3 Pin=U3-36
Added Pin To Net: NetName=VCC3.3 Pin=U3-39
Added Pin To Net: NetName=VCC3.3 Pin=U3-40
Added Pin To Net: NetName=VCC3.3 Pin=U3-41
Added Pin To Net: NetName=VCC3.3 Pin=U3-43
Added Pin To Net: NetName=VCC3.3 Pin=U3-55
Added Pin To Net: NetName=VCC3.3 Pin=U6-1
Added Pin To Net: NetName=VCC3.3 Pin=U7-5
Added Pin To Net: NetName=VCC3.3 Pin=U10-1
Added Pin To Net: NetName=VCC3.3 Pin=U10-14
Added Pin To Net: NetName=VCC3.3 Pin=U11-8
Added Pin To Net: NetName=VCC3.3 Pin=U12-5
Added Pin To Net: NetName=VCC3.3 Pin=U13-5
Added Pin To Net: NetName=VCC3.3 Pin=U15-5
Added Pin To Net: NetName=VCC3.3 Pin=U16-5
Added Pin To Net: NetName=VCC3.3 Pin=Y1-5
Added Net: Name=VCC3.3
Added Pin To Net: NetName=VCC_FLASH Pin=C24-2
Added Pin To Net: NetName=VCC_FLASH Pin=Q1-3
Added Pin To Net: NetName=VCC_FLASH Pin=R5-1
Added Pin To Net: NetName=VCC_FLASH Pin=U5-8
Added Net: Name=VCC_FLASH
Added Pin To Net: NetName=VREF Pin=C27-1
Added Pin To Net: NetName=VREF Pin=C45-1
Added Pin To Net: NetName=VREF Pin=C46-1
Added Pin To Net: NetName=VREF Pin=C48-1
Added Pin To Net: NetName=VREF Pin=C52-1
Added Pin To Net: NetName=VREF Pin=U6-2
Added Pin To Net: NetName=VREF Pin=U11-3
Added Pin To Net: NetName=VREF Pin=U11-5
Added Pin To Net: NetName=VREF Pin=U12-1
Added Pin To Net: NetName=VREF Pin=U13-4
Added Net: Name=VREF
Added Pin To Net: NetName=VUSB Pin=C34-1
Added Pin To Net: NetName=VUSB Pin=C36-1
Added Pin To Net: NetName=VUSB Pin=FB1-1
Added Pin To Net: NetName=VUSB Pin=U9-19
Added Net: Name=VUSB
Added Pin To Net: NetName=XOSC32M_Q1 Pin=C22-2
Added Pin To Net: NetName=XOSC32M_Q1 Pin=U3-34
Added Pin To Net: NetName=XOSC32M_Q1 Pin=X2-3
Added Net: Name=XOSC32M_Q1
Added Pin To Net: NetName=XOSC32M_Q2 Pin=C20-1
Added Pin To Net: NetName=XOSC32M_Q2 Pin=U3-35
Added Pin To Net: NetName=XOSC32M_Q2 Pin=X2-1
Added Net: Name=XOSC32M_Q2
Added Class: Name=bluetooth
Added Class: Name=mcu
Added Class: Name=power
Added Class: Name=programmer_charger
Added Class: Name=rtc_accel
Added Class: Name=ul_rx
Added Class: Name=ul_tx_ctrl
Added Differential Pair: Name=BLE_ANT
Added Differential Pair: Name=RF
Added Room: Name=bluetooth
Added Room: Name=mcu
Added Room: Name=power
Added Room: Name=programmer_charger
Added Room: Name=rtc_accel
Added Room: Name=ul_rx
Added Room: Name=ul_tx_ctrl
