Replace Part ANT1 Ground Antenna in C:\Users\wwhuang\Dropbox\git\opo\hardware\Opo_v3\mcu.SchDoc with Ground Antenna from opo_general.SchLib
Replace Part B2 cc2538_Balun in C:\Users\wwhuang\Dropbox\git\opo\hardware\Opo_v3\mcu.SchDoc with cc2538_Balun from opo_general.SchLib
Replace Part C19 C_0.1u_0402_ceramic in C:\Users\wwhuang\Dropbox\git\opo\hardware\Opo_v3\mcu.SchDoc with C_0.1u_0402_ceramic from rlc.SchLib
Replace Part C20 C_0.1u_0402_ceramic in C:\Users\wwhuang\Dropbox\git\opo\hardware\Opo_v3\mcu.SchDoc with C_0.1u_0402_ceramic from rlc.SchLib
Replace Part C22 C_1u_0402_ceramic in C:\Users\wwhuang\Dropbox\git\opo\hardware\Opo_v3\mcu.SchDoc with C_1u_0402_ceramic from rlc.SchLib
Replace Part C23 C_13p_0402 in C:\Users\wwhuang\Dropbox\git\opo\hardware\Opo_v3\mcu.SchDoc with C_13p_0402 from rlc.SchLib
Replace Part C24 C_1u_0402_ceramic in C:\Users\wwhuang\Dropbox\git\opo\hardware\Opo_v3\mcu.SchDoc with C_1u_0402_ceramic from rlc.SchLib
Replace Part C25 C_13p_0402 in C:\Users\wwhuang\Dropbox\git\opo\hardware\Opo_v3\mcu.SchDoc with C_13p_0402 from rlc.SchLib
Replace Part C26 C_1000p_0402_ceramic in C:\Users\wwhuang\Dropbox\git\opo\hardware\Opo_v3\mcu.SchDoc with C_1000p_0402_ceramic from rlc.SchLib
Replace Part C42 C_0.1u_0402_ceramic in C:\Users\wwhuang\Dropbox\git\opo\hardware\Opo_v3\mcu.SchDoc with C_0.1u_0402_ceramic from rlc.SchLib
Replace Part C43 C_0.1u_0402_ceramic in C:\Users\wwhuang\Dropbox\git\opo\hardware\Opo_v3\mcu.SchDoc with C_0.1u_0402_ceramic from rlc.SchLib
Replace Part C44 C_0.1u_0402_ceramic in C:\Users\wwhuang\Dropbox\git\opo\hardware\Opo_v3\mcu.SchDoc with C_0.1u_0402_ceramic from rlc.SchLib
Replace Part C45 C_0.1u_0402_ceramic in C:\Users\wwhuang\Dropbox\git\opo\hardware\Opo_v3\mcu.SchDoc with C_0.1u_0402_ceramic from rlc.SchLib
Replace Part C46 C_0.1u_0402_ceramic in C:\Users\wwhuang\Dropbox\git\opo\hardware\Opo_v3\mcu.SchDoc with C_0.1u_0402_ceramic from rlc.SchLib
Replace Part C47 C_0.1u_0402_ceramic in C:\Users\wwhuang\Dropbox\git\opo\hardware\Opo_v3\mcu.SchDoc with C_0.1u_0402_ceramic from rlc.SchLib
Replace Part C48 C_0.1u_0402_ceramic in C:\Users\wwhuang\Dropbox\git\opo\hardware\Opo_v3\mcu.SchDoc with C_0.1u_0402_ceramic from rlc.SchLib
Replace Part C49 C_220pf_0402_ceramic in C:\Users\wwhuang\Dropbox\git\opo\hardware\Opo_v3\mcu.SchDoc with C_220pf_0402_ceramic from rlc.SchLib
Replace Part Q1 DMG1013UW in C:\Users\wwhuang\Dropbox\git\opo\hardware\Opo_v3\mcu.SchDoc with DMG1013UW from opo_general.SchLib
Replace Part Q2 Si1300BDL in C:\Users\wwhuang\Dropbox\git\opo\hardware\Opo_v3\mcu.SchDoc with Si1300BDL from opo_general.SchLib
Replace Part R17 R_56K_0402 in C:\Users\wwhuang\Dropbox\git\opo\hardware\Opo_v3\mcu.SchDoc with R_56K_0402 from rlc.SchLib
Replace Part R18 R_2.2_0402 in C:\Users\wwhuang\Dropbox\git\opo\hardware\Opo_v3\mcu.SchDoc with R_2.2_0402 from rlc.SchLib
Replace Part R21 R_100K_0402 in C:\Users\wwhuang\Dropbox\git\opo\hardware\Opo_v3\mcu.SchDoc with R_100K_0402 from rlc.SchLib
Replace Part R22 R_100K_0402 in C:\Users\wwhuang\Dropbox\git\opo\hardware\Opo_v3\mcu.SchDoc with R_100K_0402 from rlc.SchLib
Replace Part R23 R_100K_0402 in C:\Users\wwhuang\Dropbox\git\opo\hardware\Opo_v3\mcu.SchDoc with R_100K_0402 from rlc.SchLib
Replace Part U6 NC7S14P5X in C:\Users\wwhuang\Dropbox\git\opo\hardware\Opo_v3\mcu.SchDoc with NC7S14P5X from opo_general.SchLib
Replace Part U11 MASWSS0115 in C:\Users\wwhuang\Dropbox\git\opo\hardware\Opo_v3\mcu.SchDoc with MASWSS0115 from opo_general.SchLib
Replace Part U12 cc2538 in C:\Users\wwhuang\Dropbox\git\opo\hardware\Opo_v3\mcu.SchDoc with cc2538 from opo_general.SchLib
Replace Part U13 SST25VF064C in C:\Users\wwhuang\Dropbox\git\opo\hardware\Opo_v3\mcu.SchDoc with SST25VF064C from opo_general.SchLib
Replace Part X1 X_32M_FA-128 in C:\Users\wwhuang\Dropbox\git\opo\hardware\Opo_v3\mcu.SchDoc with X_32M_FA-128 from opo_general.SchLib
