Change Component Description : Designator=U6 Old Description=0.5 ? SPDT/2:1 Mux in SC70 New Description=0.5 ? SPDT/2:1 Mux in SC70
Added Component: Designator=C42(0402)
Added Component: Designator=Q1(SC70-3)
Added Component: Designator=U13(WSON)
Added Pin To Net: NetName=GND Pin=C42-1
Added Pin To Net: NetName=VCC3.3 Pin=Q1-2
Added Pin To Net: NetName=GND Pin=U13-4
Added Pin To Net: NetName=GND Pin=U13-9
Added Pin To Net: NetName=FLASH_CS Pin=U13-1
Added Net: Name=FLASH_CS
Added Pin To Net: NetName=FLASH_HOLD Pin=U13-7
Added Net: Name=FLASH_HOLD
Added Pin To Net: NetName=FLASH_PWR Pin=Q1-1
Added Net: Name=FLASH_PWR
Added Pin To Net: NetName=FLASH_WP Pin=U13-3
Added Net: Name=FLASH_WP
Added Pin To Net: NetName=VCC_FLASH Pin=C42-2
Added Pin To Net: NetName=VCC_FLASH Pin=Q1-3
Added Pin To Net: NetName=VCC_FLASH Pin=U13-8
Added Net: Name=VCC_FLASH
Added Member To Class: ClassName=mcu Member=Component C42 Ceramic capacitor
Added Member To Class: ClassName=mcu Member=Component Q1 DMG1013UW
Added Member To Class: ClassName=mcu Member=Component U13 SST25VF064C
