Change Value of Parameter Supplier Part Number 1 in Part Y? Old=Supplier Part Number 1 New=Supplier 1 Part Number
Change Value of Parameter Supplier Part Number 1 in Part U? Old=Supplier Part Number 1 New=Supplier 1 Part Number
Change Value of Parameter Supplier Part Number 1 in Part U? Old=Supplier Part Number 1 New=Supplier 1 Part Number
Change Value of Parameter Supplier Part Number 1 in Part U? Old=Supplier Part Number 1 New=Supplier 1 Part Number
Change Value of Parameter Supplier Part Number 1 in Part U? Old=Supplier Part Number 1 New=Supplier 1 Part Number
Change Value of Parameter Supplier Part Number 1 in Part B? Old=Supplier Part Number 1 New=Supplier 1 Part Number
Change Value of Parameter Supplier Part Number 1 in Part J? Old=Supplier Part Number 1 New=Supplier 1 Part Number
Change Value of Parameter Supplier Part Number 1 in Part U? Old=Supplier Part Number 1 New=Supplier 1 Part Number
Change Value of Parameter Supplier Part Number 1 in Part Q? Old=Supplier Part Number 1 New=Supplier 1 Part Number
Change Value of Parameter Supplier Part Number 1 in Part U? Old=Supplier Part Number 1 New=Supplier 1 Part Number
Change Value of Parameter Supplier Part Number 1 in Part ANT? Old=Supplier Part Number 1 New=Supplier 1 Part Number
Change Value of Parameter Supplier Part Number 1 in Part U? Old=Supplier Part Number 1 New=Supplier 1 Part Number
Change Value of Parameter Supplier Part Number 1 in Part U? Old=Supplier Part Number 1 New=Supplier 1 Part Number
Change Value of Parameter Supplier Part Number 1 in Part U? Old=Supplier Part Number 1 New=Supplier 1 Part Number
Change Value of Parameter Supplier Part Number 1 in Part U? Old=Supplier Part Number 1 New=Supplier 1 Part Number
Change Value of Parameter Supplier Part Number 1 in Part U? Old=Supplier Part Number 1 New=Supplier 1 Part Number
Change Value of Parameter Supplier Part Number 1 in Part J? Old=Supplier Part Number 1 New=Supplier 1 Part Number
Change Value of Parameter Supplier Part Number 1 in Part U? Old=Supplier Part Number 1 New=Supplier 1 Part Number
Change Value of Parameter Supplier Part Number 1 in Part U? Old=Supplier Part Number 1 New=Supplier 1 Part Number
Change Value of Parameter Supplier Part Number 1 in Part U? Old=Supplier Part Number 1 New=Supplier 1 Part Number
Change Value of Parameter Supplier Part Number 1 in Part Y? Old=Supplier Part Number 1 New=Supplier 1 Part Number
Change Value of Parameter Supplier Part Number 1 in Part U? Old=Supplier Part Number 1 New=Supplier 1 Part Number
Change Value of Parameter Supplier Part Number 1 in Part Q? Old=Supplier Part Number 1 New=Supplier 1 Part Number
Change Value of Parameter Supplier Part Number 1 in Part J? Old=Supplier Part Number 1 New=Supplier 1 Part Number
Change Value of Parameter Supplier Part Number 1 in Part U? Old=Supplier Part Number 1 New=Supplier 1 Part Number
Change Value of Parameter Supplier Part Number 1 in Part U? Old=Supplier Part Number 1 New=Supplier 1 Part Number
Change Value of Parameter Supplier Part Number 1 in Part U? Old=Supplier Part Number 1 New=Supplier 1 Part Number
Change Value of Parameter Supplier Part Number 1 in Part J? Old=Supplier Part Number 1 New=Supplier 1 Part Number
Change Value of Parameter Supplier Part Number 1 in Part UT? Old=Supplier Part Number 1 New=Supplier 1 Part Number
Change Value of Parameter Supplier Part Number 1 in Part U? Old=Supplier Part Number 1 New=Supplier 1 Part Number
Change Value of Parameter Supplier Part Number 1 in Part U? Old=Supplier Part Number 1 New=Supplier 1 Part Number
Change Value of Parameter Supplier Part Number 1 in Part Y? Old=Supplier Part Number 1 New=Supplier 1 Part Number
Change Value of Parameter Supplier Part Number 1 in Part Q? Old=Supplier Part Number 1 New=Supplier 1 Part Number
