Change Value of Parameter Supplier Part Number 1 in Part C? Old=Supplier Part Number 1 New=Supplier 1 Part Number
Change Value of Parameter Supplier Part Number 1 in Part C? Old=Supplier Part Number 1 New=Supplier 1 Part Number
Change Value of Parameter Supplier Part Number 1 in Part C? Old=Supplier Part Number 1 New=Supplier 1 Part Number
Change Value of Parameter Supplier Part Number 1 in Part C? Old=Supplier Part Number 1 New=Supplier 1 Part Number
Change Value of Parameter Supplier Part Number 1 in Part C? Old=Supplier Part Number 1 New=Supplier 1 Part Number
Change Value of Parameter Supplier Part Number 1 in Part C? Old=Supplier Part Number 1 New=Supplier 1 Part Number
Change Value of Parameter Supplier Part Number 1 in Part C? Old=Supplier Part Number 1 New=Supplier 1 Part Number
Change Value of Parameter Supplier Part Number 1 in Part C? Old=Supplier Part Number 1 New=Supplier 1 Part Number
Change Value of Parameter Supplier Part Number 1 in Part C? Old=Supplier Part Number 1 New=Supplier 1 Part Number
Change Value of Parameter Supplier Part Number 1 in Part C? Old=Supplier Part Number 1 New=Supplier 1 Part Number
Change Value of Parameter Supplier Part Number 1 in Part C? Old=Supplier Part Number 1 New=Supplier 1 Part Number
Change Value of Parameter Supplier Part Number 1 in Part C? Old=Supplier Part Number 1 New=Supplier 1 Part Number
Change Value of Parameter Supplier Part Number 1 in Part C? Old=Supplier Part Number 1 New=Supplier 1 Part Number
Change Value of Parameter Supplier Part Number 1 in Part C? Old=Supplier Part Number 1 New=Supplier 1 Part Number
Change Value of Parameter Supplier Part Number 1 in Part D? Old=Supplier Part Number 1 New=Supplier 1 Part Number
Change Value of Parameter Supplier Part Number 1 in Part D? Old=Supplier Part Number 1 New=Supplier 1 Part Number
Change Value of Parameter Supplier Part Number 1 in Part D? Old=Supplier Part Number 1 New=Supplier 1 Part Number
Change Value of Parameter Supplier Part Number 1 in Part D? Old=Supplier Part Number 1 New=Supplier 1 Part Number
Change Value of Parameter Supplier Part Number 1 in Part FB? Old=Supplier Part Number 1 New=Supplier 1 Part Number
Change Value of Parameter Supplier Part Number 1 in Part L? Old=Supplier Part Number 1 New=Supplier 1 Part Number
Change Value of Parameter Supplier Part Number 1 in Part R? Old=Supplier Part Number 1 New=Supplier 1 Part Number
Change Value of Parameter Supplier Part Number 1 in Part R? Old=Supplier Part Number 1 New=Supplier 1 Part Number
Change Value of Parameter Supplier Part Number 1 in Part R? Old=Supplier Part Number 1 New=Supplier 1 Part Number
Change Value of Parameter Supplier Part Number 1 in Part R? Old=Supplier Part Number 1 New=Supplier 1 Part Number
Change Value of Parameter Supplier Part Number 1 in Part R? Old=Supplier Part Number 1 New=Supplier 1 Part Number
Change Value of Parameter Supplier Part Number 1 in Part R? Old=Supplier Part Number 1 New=Supplier 1 Part Number
Change Value of Parameter Supplier Part Number 1 in Part R? Old=Supplier Part Number 1 New=Supplier 1 Part Number
Change Value of Parameter Supplier Part Number 1 in Part R? Old=Supplier Part Number 1 New=Supplier 1 Part Number
Change Value of Parameter Supplier Part Number 1 in Part R? Old=Supplier Part Number 1 New=Supplier 1 Part Number
Change Value of Parameter Supplier Part Number 1 in Part R? Old=Supplier Part Number 1 New=Supplier 1 Part Number
Change Value of Parameter Supplier Part Number 1 in Part R? Old=Supplier Part Number 1 New=Supplier 1 Part Number
Change Value of Parameter Supplier Part Number 1 in Part R? Old=Supplier Part Number 1 New=Supplier 1 Part Number
Change Value of Parameter Supplier Part Number 1 in Part R? Old=Supplier Part Number 1 New=Supplier 1 Part Number
Change Value of Parameter Supplier Part Number 1 in Part SW? Old=Supplier Part Number 1 New=Supplier 1 Part Number
