Replace Part C6 C_47p_0402_ceramic in C:\Users\wwhuang\Dropbox\git\opo\hardware\Opo_v3\ultrasonic_rx.SchDoc with C_47p_0402_ceramic from rlc.SchLib
Replace Part C7 C_1u_0402_ceramic in C:\Users\wwhuang\Dropbox\git\opo\hardware\Opo_v3\ultrasonic_rx.SchDoc with C_1u_0402_ceramic from rlc.SchLib
Replace Part C8 C_47p_0402_ceramic in C:\Users\wwhuang\Dropbox\git\opo\hardware\Opo_v3\ultrasonic_rx.SchDoc with C_47p_0402_ceramic from rlc.SchLib
Replace Part C9 C_0.1u_0402_ceramic in C:\Users\wwhuang\Dropbox\git\opo\hardware\Opo_v3\ultrasonic_rx.SchDoc with C_0.1u_0402_ceramic from rlc.SchLib
Replace Part C10 C_0.1u_0402_ceramic in C:\Users\wwhuang\Dropbox\git\opo\hardware\Opo_v3\ultrasonic_rx.SchDoc with C_0.1u_0402_ceramic from rlc.SchLib
Replace Part C11 C_10u_0603_ceramic in C:\Users\wwhuang\Dropbox\git\opo\hardware\Opo_v3\ultrasonic_rx.SchDoc with C_10u_0603_ceramic from rlc.SchLib
Replace Part C12 C_0.1u_0402_ceramic in C:\Users\wwhuang\Dropbox\git\opo\hardware\Opo_v3\ultrasonic_rx.SchDoc with C_0.1u_0402_ceramic from rlc.SchLib
Replace Part C13 C_0.1u_0402_ceramic in C:\Users\wwhuang\Dropbox\git\opo\hardware\Opo_v3\ultrasonic_rx.SchDoc with C_0.1u_0402_ceramic from rlc.SchLib
Replace Part C14 C_0.1u_0402_ceramic in C:\Users\wwhuang\Dropbox\git\opo\hardware\Opo_v3\ultrasonic_rx.SchDoc with C_0.1u_0402_ceramic from rlc.SchLib
Replace Part C15 C_0.1u_0402_ceramic in C:\Users\wwhuang\Dropbox\git\opo\hardware\Opo_v3\ultrasonic_rx.SchDoc with C_0.1u_0402_ceramic from rlc.SchLib
Replace Part C16 C_0.1u_0402_ceramic in C:\Users\wwhuang\Dropbox\git\opo\hardware\Opo_v3\ultrasonic_rx.SchDoc with C_0.1u_0402_ceramic from rlc.SchLib
Replace Part C17 C_1000p_0402_ceramic in C:\Users\wwhuang\Dropbox\git\opo\hardware\Opo_v3\ultrasonic_rx.SchDoc with C_1000p_0402_ceramic from rlc.SchLib
Replace Part C18 C_0.1u_0402_ceramic in C:\Users\wwhuang\Dropbox\git\opo\hardware\Opo_v3\ultrasonic_rx.SchDoc with C_0.1u_0402_ceramic from rlc.SchLib
Replace Part D1 D_SCHOTTKY_30V_0.1A_0603 in C:\Users\wwhuang\Dropbox\git\opo\hardware\Opo_v3\ultrasonic_rx.SchDoc with D_SCHOTTKY_30V_0.1A_0603 from rlc.SchLib
Replace Part R1 R_1M_0402 in C:\Users\wwhuang\Dropbox\git\opo\hardware\Opo_v3\ultrasonic_rx.SchDoc with R_1M_0402 from rlc.SchLib
Replace Part R2 R_100K_0402 in C:\Users\wwhuang\Dropbox\git\opo\hardware\Opo_v3\ultrasonic_rx.SchDoc with R_100K_0402 from rlc.SchLib
Replace Part R3 R_1M_0402 in C:\Users\wwhuang\Dropbox\git\opo\hardware\Opo_v3\ultrasonic_rx.SchDoc with R_1M_0402 from rlc.SchLib
Replace Part R4 R_100K_0402 in C:\Users\wwhuang\Dropbox\git\opo\hardware\Opo_v3\ultrasonic_rx.SchDoc with R_100K_0402 from rlc.SchLib
Replace Part R5 R_1M_0402 in C:\Users\wwhuang\Dropbox\git\opo\hardware\Opo_v3\ultrasonic_rx.SchDoc with R_1M_0402 from rlc.SchLib
Replace Part R6 R_100K_0402 in C:\Users\wwhuang\Dropbox\git\opo\hardware\Opo_v3\ultrasonic_rx.SchDoc with R_100K_0402 from rlc.SchLib
Replace Part R7 R_1.24M_0402 in C:\Users\wwhuang\Dropbox\git\opo\hardware\Opo_v3\ultrasonic_rx.SchDoc with R_1.24M_0402 from rlc.SchLib
Replace Part R8 R_37.4K_0402 in C:\Users\wwhuang\Dropbox\git\opo\hardware\Opo_v3\ultrasonic_rx.SchDoc with R_37.4K_0402 from rlc.SchLib
Replace Part R9 R_27K_0402 in C:\Users\wwhuang\Dropbox\git\opo\hardware\Opo_v3\ultrasonic_rx.SchDoc with R_27K_0402 from rlc.SchLib
Replace Part R10 R_422K_0402 in C:\Users\wwhuang\Dropbox\git\opo\hardware\Opo_v3\ultrasonic_rx.SchDoc with R_422K_0402 from rlc.SchLib
Replace Part R11 R_270K_0402 in C:\Users\wwhuang\Dropbox\git\opo\hardware\Opo_v3\ultrasonic_rx.SchDoc with R_270K_0402 from rlc.SchLib
Replace Part R12 R_37.4K_0402 in C:\Users\wwhuang\Dropbox\git\opo\hardware\Opo_v3\ultrasonic_rx.SchDoc with R_37.4K_0402 from rlc.SchLib
Replace Part R13 R_422K_0402 in C:\Users\wwhuang\Dropbox\git\opo\hardware\Opo_v3\ultrasonic_rx.SchDoc with R_422K_0402 from rlc.SchLib
Replace Part R14 R_1.24M_0402 in C:\Users\wwhuang\Dropbox\git\opo\hardware\Opo_v3\ultrasonic_rx.SchDoc with R_1.24M_0402 from rlc.SchLib
Replace Part U3 MIC861 in C:\Users\wwhuang\Dropbox\git\opo\hardware\Opo_v3\ultrasonic_rx.SchDoc with MIC861 from opo_general.SchLib
Replace Part U4 MIC863 in C:\Users\wwhuang\Dropbox\git\opo\hardware\Opo_v3\ultrasonic_rx.SchDoc with MIC863 from opo_general.SchLib
Replace Part U5 TS882 in C:\Users\wwhuang\Dropbox\git\opo\hardware\Opo_v3\ultrasonic_rx.SchDoc with TS882 from opo_general.SchLib
