Replace Part ANT1 Ground Antenna in C:\Users\wwhuang\Dropbox\Ultrasonic Ranging\Altium\v4.1\schematic\impulse.SchDoc with Ground Antenna from opo.SchLib
Replace Part B1 BD2425N50200AHF in C:\Users\wwhuang\Dropbox\Ultrasonic Ranging\Altium\v4.1\schematic\impulse.SchDoc with BD2425N50200AHF from opo.SchLib
Replace Part C4 C_0.1u_0402_ceramic in C:\Users\wwhuang\Dropbox\Ultrasonic Ranging\Altium\v4.1\schematic\impulse.SchDoc with C_0.1u_0402_ceramic from rlc.SchLib
Replace Part C5 C_0.1u_0402_ceramic in C:\Users\wwhuang\Dropbox\Ultrasonic Ranging\Altium\v4.1\schematic\impulse.SchDoc with C_0.1u_0402_ceramic from rlc.SchLib
Replace Part C6 C_0.1u_0402_ceramic in C:\Users\wwhuang\Dropbox\Ultrasonic Ranging\Altium\v4.1\schematic\impulse.SchDoc with C_0.1u_0402_ceramic from rlc.SchLib
Replace Part C7 C_0.1u_0402_ceramic in C:\Users\wwhuang\Dropbox\Ultrasonic Ranging\Altium\v4.1\schematic\impulse.SchDoc with C_0.1u_0402_ceramic from rlc.SchLib
Replace Part C8 C_10u_0603_tantalum in C:\Users\wwhuang\Dropbox\Ultrasonic Ranging\Altium\v4.1\schematic\impulse.SchDoc with C_10u_0603_tantalum from rlc.SchLib
Replace Part C9 C_0.1u_0402_ceramic in C:\Users\wwhuang\Dropbox\Ultrasonic Ranging\Altium\v4.1\schematic\impulse.SchDoc with C_0.1u_0402_ceramic from rlc.SchLib
Replace Part C10 C_0.1u_0402_ceramic in C:\Users\wwhuang\Dropbox\Ultrasonic Ranging\Altium\v4.1\schematic\impulse.SchDoc with C_0.1u_0402_ceramic from rlc.SchLib
Replace Part C11 C_0.1u_0402_ceramic in C:\Users\wwhuang\Dropbox\Ultrasonic Ranging\Altium\v4.1\schematic\impulse.SchDoc with C_0.1u_0402_ceramic from rlc.SchLib
Replace Part C12 C_0.1u_0402_ceramic in C:\Users\wwhuang\Dropbox\Ultrasonic Ranging\Altium\v4.1\schematic\impulse.SchDoc with C_0.1u_0402_ceramic from rlc.SchLib
Replace Part C13 C_0.1u_0402_ceramic in C:\Users\wwhuang\Dropbox\Ultrasonic Ranging\Altium\v4.1\schematic\impulse.SchDoc with C_0.1u_0402_ceramic from rlc.SchLib
Replace Part C14 C_0.1u_0402_ceramic in C:\Users\wwhuang\Dropbox\Ultrasonic Ranging\Altium\v4.1\schematic\impulse.SchDoc with C_0.1u_0402_ceramic from rlc.SchLib
Replace Part C15 C_0.1u_0402_ceramic in C:\Users\wwhuang\Dropbox\Ultrasonic Ranging\Altium\v4.1\schematic\impulse.SchDoc with C_0.1u_0402_ceramic from rlc.SchLib
Replace Part C16 C_0.1u_0402_ceramic in C:\Users\wwhuang\Dropbox\Ultrasonic Ranging\Altium\v4.1\schematic\impulse.SchDoc with C_0.1u_0402_ceramic from rlc.SchLib
Replace Part C17 C_0.1u_0402_ceramic in C:\Users\wwhuang\Dropbox\Ultrasonic Ranging\Altium\v4.1\schematic\impulse.SchDoc with C_0.1u_0402_ceramic from rlc.SchLib
Replace Part C18 C_0.1u_0402_ceramic in C:\Users\wwhuang\Dropbox\Ultrasonic Ranging\Altium\v4.1\schematic\impulse.SchDoc with C_0.1u_0402_ceramic from rlc.SchLib
Replace Part C19 C_30p_0402_ceramic in C:\Users\wwhuang\Dropbox\Ultrasonic Ranging\Altium\v4.1\schematic\impulse.SchDoc with C_30p_0402_ceramic from rlc.SchLib
Replace Part C20 C_30p_0402_ceramic in C:\Users\wwhuang\Dropbox\Ultrasonic Ranging\Altium\v4.1\schematic\impulse.SchDoc with C_30p_0402_ceramic from rlc.SchLib
Replace Part C21 C_0.1u_0402_ceramic in C:\Users\wwhuang\Dropbox\Ultrasonic Ranging\Altium\v4.1\schematic\impulse.SchDoc with C_0.1u_0402_ceramic from rlc.SchLib
Replace Part C22 C_12p_0402_ceramic in C:\Users\wwhuang\Dropbox\Ultrasonic Ranging\Altium\v4.1\schematic\impulse.SchDoc with C_12p_0402_ceramic from rlc.SchLib
Replace Part C23 C_0.1u_0402_ceramic in C:\Users\wwhuang\Dropbox\Ultrasonic Ranging\Altium\v4.1\schematic\impulse.SchDoc with C_0.1u_0402_ceramic from rlc.SchLib
Replace Part D1 D_LED_GREEN_0402 in C:\Users\wwhuang\Dropbox\Ultrasonic Ranging\Altium\v4.1\schematic\impulse.SchDoc with D_LED_GREEN_0402 from rlc.SchLib
Replace Part D2 D_LED_RED_0402 in C:\Users\wwhuang\Dropbox\Ultrasonic Ranging\Altium\v4.1\schematic\impulse.SchDoc with D_LED_RED_0402 from rlc.SchLib
Replace Part FB1 FB_150mA_0402 in C:\Users\wwhuang\Dropbox\Ultrasonic Ranging\Altium\v4.1\schematic\impulse.SchDoc with FB_150mA_0402 from rlc.SchLib
Replace Part FB2 FB_150mA_0402 in C:\Users\wwhuang\Dropbox\Ultrasonic Ranging\Altium\v4.1\schematic\impulse.SchDoc with FB_150mA_0402 from rlc.SchLib
Replace Part L1 L_6.8n_0402 in C:\Users\wwhuang\Dropbox\Ultrasonic Ranging\Altium\v4.1\schematic\impulse.SchDoc with L_6.8n_0402 from rlc.SchLib
Replace Part Q1 DMG1013UW in C:\Users\wwhuang\Dropbox\Ultrasonic Ranging\Altium\v4.1\schematic\impulse.SchDoc with DMG1013UW from opo.SchLib
Replace Part R3 R_100K_0402 in C:\Users\wwhuang\Dropbox\Ultrasonic Ranging\Altium\v4.1\schematic\impulse.SchDoc with R_100K_0402 from rlc.SchLib
Replace Part R4 R_100K_0402 in C:\Users\wwhuang\Dropbox\Ultrasonic Ranging\Altium\v4.1\schematic\impulse.SchDoc with R_100K_0402 from rlc.SchLib
Replace Part R5 R_43K_0402 in C:\Users\wwhuang\Dropbox\Ultrasonic Ranging\Altium\v4.1\schematic\impulse.SchDoc with R_43K_0402 from rlc.SchLib
Replace Part R6 R_470_0402 in C:\Users\wwhuang\Dropbox\Ultrasonic Ranging\Altium\v4.1\schematic\impulse.SchDoc with R_470_0402 from rlc.SchLib
Replace Part R7 R_470_0402 in C:\Users\wwhuang\Dropbox\Ultrasonic Ranging\Altium\v4.1\schematic\impulse.SchDoc with R_470_0402 from rlc.SchLib
Replace Part R8 R_0_0402 in C:\Users\wwhuang\Dropbox\Ultrasonic Ranging\Altium\v4.1\schematic\impulse.SchDoc with R_0_0402 from rlc.SchLib
Replace Part R9 R_1M_0402 in C:\Users\wwhuang\Dropbox\Ultrasonic Ranging\Altium\v4.1\schematic\impulse.SchDoc with R_1M_0402 from rlc.SchLib
Replace Part R10 R_100K_0402 in C:\Users\wwhuang\Dropbox\Ultrasonic Ranging\Altium\v4.1\schematic\impulse.SchDoc with R_100K_0402 from rlc.SchLib
Replace Part R11 R_2.2K_0402 in C:\Users\wwhuang\Dropbox\Ultrasonic Ranging\Altium\v4.1\schematic\impulse.SchDoc with R_2.2K_0402 from rlc.SchLib
Replace Part R12 R_100K_0402 in C:\Users\wwhuang\Dropbox\Ultrasonic Ranging\Altium\v4.1\schematic\impulse.SchDoc with R_100K_0402 from rlc.SchLib
Replace Part R13 R_100K_0402 in C:\Users\wwhuang\Dropbox\Ultrasonic Ranging\Altium\v4.1\schematic\impulse.SchDoc with R_100K_0402 from rlc.SchLib
Replace Part R14 R_100K_0402 in C:\Users\wwhuang\Dropbox\Ultrasonic Ranging\Altium\v4.1\schematic\impulse.SchDoc with R_100K_0402 from rlc.SchLib
Replace Part U3 CC2420 in C:\Users\wwhuang\Dropbox\Ultrasonic Ranging\Altium\v4.1\schematic\impulse.SchDoc with CC2420 from opo.SchLib
Replace Part U4 MSP430F1611 in C:\Users\wwhuang\Dropbox\Ultrasonic Ranging\Altium\v4.1\schematic\impulse.SchDoc with MSP430F1611 from opo.SchLib
Replace Part U5 NX3L4684 in C:\Users\wwhuang\Dropbox\Ultrasonic Ranging\Altium\v4.1\schematic\impulse.SchDoc with NX3L4684 from opo.SchLib
Replace Part U6 DS2411 in C:\Users\wwhuang\Dropbox\Ultrasonic Ranging\Altium\v4.1\schematic\impulse.SchDoc with DS2411 from opo.SchLib
Replace Part U7 SST25VF064C in C:\Users\wwhuang\Dropbox\Ultrasonic Ranging\Altium\v4.1\schematic\impulse.SchDoc with SST25VF064C from opo.SchLib
Replace Part Y2 TXC 7B in C:\Users\wwhuang\Dropbox\Ultrasonic Ranging\Altium\v4.1\schematic\impulse.SchDoc with TXC 7B from opo.SchLib
