Removed Pin From Net: NetName=SCLK0 Pin=U1-4
Removed Pin From Net: NetName=MOSI0 Pin=U1-6
Removed Pin From Net: NetName=MOSI0 Pin=U3-29
Removed Pin From Net: NetName=SCLK0 Pin=U3-31
Removed Pin From Net: NetName=SCLK0 Pin=U4-32
Removed Pin From Net: NetName=MOSI0 Pin=U4-33
Change Component Description : Designator=U13 Old Description=0.5 ? SPDT/2:1 Mux in SC70 New Description=0.5 ? SPDT/2:1 Mux in SC70
Change Component Description : Designator=U1 Old Description=Micropower, 3-Axis, กำ2 g/กำ4 g/กำ8 g  Digital Output MEMS Accelerometer New Description=Micropower, 3-Axis, ฑ2 g/ฑ4 g/ฑ8 g  Digital Output MEMS Accelerometer
Change Component Description : Designator=B1 Old Description=Ultra Low Profile 0404 Balun   50? to 200? Balanced New Description=Ultra Low Profile 0404 Balun   50? to 200? Balanced
Added Component: Designator=J4(JST SH series)
Added Component: Designator=U17(QFN50P155X200X13-10N)
Added Pin To Net: NetName=VSUPPLY Pin=J4-1
Added Pin To Net: NetName=GND Pin=J4-2
Added Pin To Net: NetName=MOSI0 Pin=U17-4
Added Pin To Net: NetName=VCC3.3 Pin=U17-5
Added Pin To Net: NetName=SCLK0 Pin=U17-6
Added Pin To Net: NetName=GND Pin=U17-10
Change Net Name : Old Net Name=MOSI0 New Net Name=SDA
Change Net Name : Old Net Name=SCLK0 New Net Name=SCL
Added Pin To Net: NetName=I2C/SPI Pin=U3-4
Added Pin To Net: NetName=I2C/SPI Pin=U17-2
Added Pin To Net: NetName=I2C/SPI Pin=U17-8
Added Net: Name=I2C/SPI
Added Pin To Net: NetName=MOSI0_RADIO Pin=U4-33
Added Pin To Net: NetName=MOSI0_RADIO Pin=U17-1
Added Net: Name=MOSI0_RADIO
Added Pin To Net: NetName=MOSI0 Pin=U1-6
Added Pin To Net: NetName=MOSI0 Pin=U3-29
Added Pin To Net: NetName=MOSI0 Pin=U17-3
Added Net: Name=MOSI0
Added Pin To Net: NetName=SCLK0_RADIO Pin=U4-32
Added Pin To Net: NetName=SCLK0_RADIO Pin=U17-9
Added Net: Name=SCLK0_RADIO
Added Pin To Net: NetName=SCLK0 Pin=U1-4
Added Pin To Net: NetName=SCLK0 Pin=U3-31
Added Pin To Net: NetName=SCLK0 Pin=U17-7
Added Net: Name=SCLK0
Added Member To Class: ClassName=U_power Member=Component J4 SM02B-SRSS-TB
Added Member To Class: ClassName=U_impulse Member=Component U17 NX3L4684
