Change Component Description : Designator=U13 Old Description=0.5 ? SPDT/2:1 Mux in SC70 New Description=0.5 ? SPDT/2:1 Mux in SC70
Change Component Description : Designator=U1 Old Description=Micropower, 3-Axis, ? g/? g/? g  Digital Output MEMS Accelerometer New Description=Micropower, 3-Axis, กำ2 g/กำ4 g/กำ8 g  Digital Output MEMS Accelerometer
Change Component Description : Designator=B1 Old Description=Ultra Low Profile 0404 Balun   50? to 200? Balanced New Description=Ultra Low Profile 0404 Balun   50? to 200? Balanced
Added Pin To Net: NetName=GND Pin=C5-2
Added Pin To Net: NetName=GND Pin=C7-2
Added Pin To Net: NetName=GND Pin=C8-2
Added Pin To Net: NetName=GND Pin=C9-2
Added Pin To Net: NetName=GND Pin=C10-2
Added Pin To Net: NetName=GND Pin=C11-2
Added Pin To Net: NetName=GND Pin=C12-2
Added Pin To Net: NetName=GND Pin=C13-2
Added Pin To Net: NetName=GND Pin=C14-2
Added Pin To Net: NetName=GND Pin=C15-2
Added Pin To Net: NetName=GND Pin=C16-2
Added Pin To Net: NetName=GND Pin=C17-2
Added Pin To Net: NetName=GND Pin=C18-2
Added Pin To Net: NetName=GND Pin=C19-1
Added Pin To Net: NetName=GND Pin=C20-1
Added Pin To Net: NetName=GND Pin=C23-2
Added Pin To Net: NetName=GND Pin=R5-1
Added Pin To Net: NetName=GND Pin=U3-62
Added Pin To Net: NetName=GND Pin=U4-5
Added Pin To Net: NetName=GND Pin=U4-9
