Removed Pin From Net: NetName=DS2411_EN Pin=U3-26
Removed Pin From Net: NetName=NetU3_51 Pin=U3-51
Added Component: Designator=U14(SC70-5)
Added Component: Designator=U15(QFN50P155X200X13-10N)
Added Pin To Net: NetName=DS2411_EN Pin=U3-51
Added Pin To Net: NetName=COMP_OUT Pin=U14-1
Added Pin To Net: NetName=GND Pin=U14-2
Added Pin To Net: NetName=NetR19_1 Pin=U14-3
Added Pin To Net: NetName=VREF Pin=U14-4
Added Pin To Net: NetName=VCC3.3 Pin=U14-5
Added Pin To Net: NetName=GND Pin=U15-1
Added Pin To Net: NetName=NetU3_44 Pin=U15-2
Added Pin To Net: NetName=NetU15_3 Pin=U15-3
Added Pin To Net: NetName=TX_1 Pin=U15-4
Added Pin To Net: NetName=VCC3.3 Pin=U15-5
Added Pin To Net: NetName=TX_2 Pin=U15-6
Added Pin To Net: NetName=NetU3_51 Pin=U15-7
Added Pin To Net: NetName=NetU3_44 Pin=U15-8
Added Pin To Net: NetName=OP1_NEGIN Pin=U15-9
Added Pin To Net: NetName=GND Pin=U15-10
Added Pin To Net: NetName=NetU3_51 Pin=UT1-1
Change Net Name : Old Net Name=NetU3_51 New Net Name=NetU15_7
Added Member To Class: ClassName=U_ultrasonic_rx Member=Component U14 TS881
Added Member To Class: ClassName=U_ultrasonic_tx Member=Component U15 NX3L4684
