Removed Pin From Net: NetName=VCC3.3 Pin=C22-1
Removed Pin From Net: NetName=VCC3.3 Pin=R8-2
Removed Pin From Net: NetName=VCC3.3 Pin=R9-2
Removed Pin From Net: NetName=VCC3.3 Pin=R11-2
Removed Pin From Net: NetName=VCC3.3 Pin=U5-8
Change Component Description : Designator=U13 Old Description=0.5 ? SPDT/2:1 Mux in SC70 New Description=0.5 ? SPDT/2:1 Mux in SC70
Change Component Description : Designator=U1 Old Description=Micropower, 3-Axis, กำ2 g/กำ4 g/กำ8 g  Digital Output MEMS Accelerometer New Description=Micropower, 3-Axis, ฑ2 g/ฑ4 g/ฑ8 g  Digital Output MEMS Accelerometer
Change Component Description : Designator=B1 Old Description=Ultra Low Profile 0404 Balun   50? to 200? Balanced New Description=Ultra Low Profile 0404 Balun   50? to 200? Balanced
Added Component: Designator=Q1(SC70-3)
Added Pin To Net: NetName=VCC3.3 Pin=Q1-2
Added Pin To Net: NetName=FLASH_PWR_GATE Pin=Q1-1
Added Pin To Net: NetName=FLASH_PWR_GATE Pin=U3-36
Added Net: Name=FLASH_PWR_GATE
Added Pin To Net: NetName=VCC_GATE Pin=C22-1
Added Pin To Net: NetName=VCC_GATE Pin=Q1-3
Added Pin To Net: NetName=VCC_GATE Pin=R8-2
Added Pin To Net: NetName=VCC_GATE Pin=R9-2
Added Pin To Net: NetName=VCC_GATE Pin=R11-2
Added Pin To Net: NetName=VCC_GATE Pin=U5-8
Added Net: Name=VCC_GATE
Added Member To Class: ClassName=U_impulse Member=Component Q1 DMG1013UW
