Removed Pin From Net: NetName=SDA Pin=R1-2
Removed Pin From Net: NetName=SCL Pin=R2-2
Removed Pin From Net: NetName=SCL Pin=U17-4
Removed Pin From Net: NetName=SDA Pin=U17-6
Removed Member From Class: ClassName=U_ultrasonic_rx Member=D2
Removed Member From Class: ClassName=U_impulse Member=R24
Removed Member From Class: ClassName=U_impulse Member=R25
Removed Member From Class: ClassName=U_impulse Member=R26
Removed Member From Class: ClassName=U_impulse Member=U17
Change Component Comment : Designator=Si7021 Old Comment=Comment New Comment=Si7021
Change Component Designator: OldDesignator=C22 NewDesignator=C23
Change Component Designator: OldDesignator=C23 NewDesignator=C22
Change Component Designator: OldDesignator=C39 NewDesignator=C40
Change Component Designator: OldDesignator=C40 NewDesignator=C41
Change Component Designator: OldDesignator=C41 NewDesignator=C42
Change Component Designator: OldDesignator=C42 NewDesignator=C43
Change Component Designator: OldDesignator=C43 NewDesignator=C44
Change Component Designator: OldDesignator=C44 NewDesignator=C45
Change Component Designator: OldDesignator=C45 NewDesignator=C39
Change Component Designator: OldDesignator=D1 NewDesignator=D3
Change Component Designator: OldDesignator=D3 NewDesignator=D1
Change Component Designator: OldDesignator=J1 NewDesignator=J2
Change Component Designator: OldDesignator=J4 NewDesignator=J1
Change Component Designator: OldDesignator=R3 NewDesignator=R4
Change Component Designator: OldDesignator=R4 NewDesignator=R3
Change Component Designator: OldDesignator=R6 NewDesignator=R10
Change Component Designator: OldDesignator=R7 NewDesignator=R9
Change Component Designator: OldDesignator=R8 NewDesignator=R12
Change Component Designator: OldDesignator=R9 NewDesignator=R13
Change Component Designator: OldDesignator=R10 NewDesignator=R11
Change Component Designator: OldDesignator=R11 NewDesignator=R14
Change Component Designator: OldDesignator=R12 NewDesignator=R15
Change Component Designator: OldDesignator=R13 NewDesignator=R17
Change Component Designator: OldDesignator=R14 NewDesignator=R16
Change Component Designator: OldDesignator=R15 NewDesignator=R18
Change Component Designator: OldDesignator=R16 NewDesignator=R20
Change Component Designator: OldDesignator=R17 NewDesignator=R21
Change Component Designator: OldDesignator=R18 NewDesignator=R19
Change Component Designator: OldDesignator=R19 NewDesignator=R22
Change Component Designator: OldDesignator=R20 NewDesignator=R23
Change Component Designator: OldDesignator=R21 NewDesignator=R24
Change Component Designator: OldDesignator=R22 NewDesignator=R25
Change Component Designator: OldDesignator=R23 NewDesignator=R26
Change Component Designator: OldDesignator=R24 NewDesignator=R7
Change Component Designator: OldDesignator=R25 NewDesignator=R6
Change Component Designator: OldDesignator=R26 NewDesignator=R8
Change Component Designator: OldDesignator=Si7021 NewDesignator=U2
Change Component Designator: OldDesignator=U3 NewDesignator=U4
Change Component Designator: OldDesignator=U4 NewDesignator=U3
Change Component Designator: OldDesignator=U5 NewDesignator=U7
Change Component Designator: OldDesignator=U7 NewDesignator=U8
Change Component Designator: OldDesignator=U8 NewDesignator=U9
Change Component Designator: OldDesignator=U9 NewDesignator=U10
Change Component Designator: OldDesignator=U10 NewDesignator=U11
Change Component Designator: OldDesignator=U11 NewDesignator=U13
Change Component Designator: OldDesignator=U13 NewDesignator=U14
Change Component Designator: OldDesignator=U14 NewDesignator=U15
Change Component Designator: OldDesignator=U15 NewDesignator=U16
Change Component Designator: OldDesignator=U16 NewDesignator=U17
Change Component Designator: OldDesignator=U17 NewDesignator=U5
Change Component Description : Designator=U14 Old Description=0.5 ? SPDT/2:1 Mux in SC70 New Description=0.5 ? SPDT/2:1 Mux in SC70
Change Component Description : Designator=B1 Old Description=Ultra Low Profile 0404 Balun   50? to 200? Balanced New Description=Ultra Low Profile 0404 Balun   50? to 200? Balanced
Added Pin To Net: NetName=GND Pin=U2-2
Added Pin To Net: NetName=VCC3.3 Pin=U2-5
Change Net Name : Old Net Name=NetD1_2 New Net Name=NetD3_2
Change Net Name : Old Net Name=NetD3_1 New Net Name=NetD1_1
Change Net Name : Old Net Name=NetD3_2 New Net Name=NetD1_2
Change Net Name : Old Net Name=NetJ1_2 New Net Name=NetJ2_2
Change Net Name : Old Net Name=NetJ1_3 New Net Name=NetJ2_3
Change Net Name : Old Net Name=NetR3_2 New Net Name=NetR4_2
Change Net Name : Old Net Name=NetR12_2 New Net Name=NetR15_2
Change Net Name : Old Net Name=NetR13_2 New Net Name=NetR17_2
Change Net Name : Old Net Name=NetR14_1 New Net Name=NetR16_1
Change Net Name : Old Net Name=NetR15_2 New Net Name=NetR18_2
Change Net Name : Old Net Name=NetR19_1 New Net Name=NetR22_1
Change Net Name : Old Net Name=NetU3_2 New Net Name=NetU4_2
Change Net Name : Old Net Name=NetU3_8 New Net Name=NetU4_8
Change Net Name : Old Net Name=NetU3_18 New Net Name=NetU4_18
Change Net Name : Old Net Name=NetU3_39 New Net Name=NetU4_39
Change Net Name : Old Net Name=NetU3_44 New Net Name=NetU4_44
Change Net Name : Old Net Name=NetU15_3 New Net Name=NetU16_3
Change Net Name : Old Net Name=NetU15_7 New Net Name=NetU16_7
Added Pin To Net: NetName=NetR1_2 Pin=R1-2
Added Pin To Net: NetName=NetR1_2 Pin=U2-1
Added Pin To Net: NetName=NetR1_2 Pin=U5-6
Added Net: Name=NetR1_2
Added Pin To Net: NetName=NetR2_2 Pin=R2-2
Added Pin To Net: NetName=NetR2_2 Pin=U2-6
Added Pin To Net: NetName=NetR2_2 Pin=U5-4
Added Net: Name=NetR2_2
Added Member To Class: ClassName=U_ultrasonic_rx Member=Component D4 Schottky diode
Added Member To Class: ClassName=U_impulse Member=Component R12 Chip resistor
Added Member To Class: ClassName=U_impulse Member=Component R13 Chip resistor
Added Member To Class: ClassName=U_impulse Member=Component R14 Chip resistor
Added Member To Class: ClassName=U_accero_humid_rtc Member=Component U2 Si7021
Added Member To Class: ClassName=U_impulse Member=Component U7 SST25VF064C
