Removed Pin From Net: NetName=NetC?_2 Pin=C?-2
Removed Pin From Net: NetName=VCC3.3_USB Pin=D?-1
Removed Pin From Net: NetName=NetD?_2 Pin=D?-2
Removed Pin From Net: NetName=VUSB Pin=FB?-1
Removed Pin From Net: NetName=VREG_IN Pin=FB?-2
Removed Pin From Net: NetName=INTEGRATOR Pin=J?-1
Removed Pin From Net: NetName=VCC3.3 Pin=R?-2
Removed Pin From Net: NetName=VSUPPLY Pin=U?-1
Removed Pin From Net: NetName=VREF Pin=U?-2
Removed Pin From Net: NetName=VSUPPLY Pin=U?-3
Removed Pin From Net: NetName=VREF Pin=U?-4
Removed Pin From Net: NetName=VREF Pin=U?-5
Removed Pin From Net: NetName=TX_1 Pin=U?-6
Removed Pin From Net: NetName=TXRX_SWITCH Pin=U?-7
Removed Pin From Net: NetName=VCC3.3 Pin=U?-8
Removed Pin From Net: NetName=NetU?_9 Pin=U?-9
Removed Pin From Net: NetName=VDD1.8 Pin=U?-10
Removed Pin From Net: NetName=RADIO_FIFOP Pin=U?-12
Removed Pin From Net: NetName=UART1_TX Pin=U?-13
Removed Pin From Net: NetName=VDD1.8 Pin=U?-14
Removed Pin From Net: NetName=VDD1.8 Pin=U?-15
Removed Pin From Net: NetName=VCC3.3_USB Pin=U?-16
Removed Pin From Net: NetName=NetC?_2 Pin=Y?-1
Added Component: Designator=D?(0402 - DIODE)
Added Pin To Net: NetName=AGND Pin=C?-1
Added Pin To Net: NetName=AGND Pin=C?-1
Added Pin To Net: NetName=AMP1_OUT Pin=C?-1
Added Pin To Net: NetName=AMP2_OUT Pin=C?-1
Added Pin To Net: NetName=INTEGRATOR Pin=C?-1
Added Pin To Net: NetName=NetC?_1 Pin=C?-1
Added Pin To Net: NetName=OP1_NEGIN Pin=C?-1
Added Pin To Net: NetName=R\S\T\/NMI Pin=C?-1
Added Pin To Net: NetName=TXRX_SWITCH Pin=C?-1
Added Pin To Net: NetName=VBUS Pin=C?-1
Added Pin To Net: NetName=VBUS Pin=C?-1
Added Pin To Net: NetName=VCC3.3_USB Pin=C?-1
Added Pin To Net: NetName=VCC3.3 Pin=C?-1
Added Pin To Net: NetName=VCC3.3 Pin=C?-1
Added Pin To Net: NetName=VCC3.3 Pin=C?-1
Added Pin To Net: NetName=VCC3.3 Pin=C?-1
Added Pin To Net: NetName=VCC3.3 Pin=C?-1
Added Pin To Net: NetName=VCC3.3 Pin=C?-1
Added Pin To Net: NetName=VCC3.3 Pin=C?-1
Added Pin To Net: NetName=VCC3.3 Pin=C?-1
Added Pin To Net: NetName=VCC3.3 Pin=C?-1
Added Pin To Net: NetName=VCC3.3 Pin=C?-1
Added Pin To Net: NetName=VCC3.3 Pin=C?-1
Added Pin To Net: NetName=VCC3.3 Pin=C?-1
Added Pin To Net: NetName=VCC3.3 Pin=C?-1
Added Pin To Net: NetName=VDD1.8 Pin=C?-1
Added Pin To Net: NetName=VDD1.8 Pin=C?-1
Added Pin To Net: NetName=VDD1.8 Pin=C?-1
Added Pin To Net: NetName=VDD1.8 Pin=C?-1
Added Pin To Net: NetName=VDD1.8 Pin=C?-1
Added Pin To Net: NetName=VDD1.8 Pin=C?-1
Added Pin To Net: NetName=VDD1.8 Pin=C?-1
Added Pin To Net: NetName=VDD1.8 Pin=C?-1
Added Pin To Net: NetName=VDD1.8 Pin=C?-1
Added Pin To Net: NetName=VDD1.8 Pin=C?-1
Added Pin To Net: NetName=VDD1.8 Pin=C?-1
Added Pin To Net: NetName=VREF Pin=C?-1
Added Pin To Net: NetName=VREF Pin=C?-1
Added Pin To Net: NetName=VREF Pin=C?-1
Added Pin To Net: NetName=VREF Pin=C?-1
Added Pin To Net: NetName=VREF Pin=C?-1
Added Pin To Net: NetName=VREG_IN Pin=C?-1
Added Pin To Net: NetName=VSUPPLY Pin=C?-1
Added Pin To Net: NetName=VUSB Pin=C?-1
Added Pin To Net: NetName=AGND Pin=C?-2
Added Pin To Net: NetName=AGND Pin=C?-2
Added Pin To Net: NetName=AGND Pin=C?-2
Added Pin To Net: NetName=AGND Pin=C?-2
Added Pin To Net: NetName=AGND Pin=C?-2
Added Pin To Net: NetName=AGND Pin=C?-2
Added Pin To Net: NetName=AGND Pin=C?-2
Added Pin To Net: NetName=AGND Pin=C?-2
Added Pin To Net: NetName=AGND Pin=C?-2
Added Pin To Net: NetName=AGND Pin=C?-2
Added Pin To Net: NetName=GND Pin=C?-2
Added Pin To Net: NetName=GND Pin=C?-2
Added Pin To Net: NetName=GND Pin=C?-2
Added Pin To Net: NetName=GND Pin=C?-2
Added Pin To Net: NetName=GND Pin=C?-2
Added Pin To Net: NetName=GND Pin=C?-2
Added Pin To Net: NetName=GND Pin=C?-2
Added Pin To Net: NetName=GND Pin=C?-2
Added Pin To Net: NetName=GND Pin=C?-2
Added Pin To Net: NetName=GND Pin=C?-2
Added Pin To Net: NetName=GND Pin=C?-2
Added Pin To Net: NetName=GND Pin=C?-2
Added Pin To Net: NetName=GND Pin=C?-2
Added Pin To Net: NetName=GND Pin=C?-2
Added Pin To Net: NetName=GND Pin=C?-2
Added Pin To Net: NetName=GND Pin=C?-2
Added Pin To Net: NetName=GND Pin=C?-2
Added Pin To Net: NetName=GND Pin=C?-2
Added Pin To Net: NetName=GND Pin=C?-2
Added Pin To Net: NetName=GND Pin=C?-2
Added Pin To Net: NetName=GND Pin=C?-2
Added Pin To Net: NetName=GND Pin=C?-2
Added Pin To Net: NetName=GND Pin=C?-2
Added Pin To Net: NetName=GND Pin=C?-2
Added Pin To Net: NetName=GND Pin=C?-2
Added Pin To Net: NetName=GND Pin=C?-2
Added Pin To Net: NetName=GND Pin=C?-2
Added Pin To Net: NetName=GND Pin=C?-2
Added Pin To Net: NetName=GND Pin=C?-2
Added Pin To Net: NetName=GND Pin=C?-2
Added Pin To Net: NetName=GND Pin=C?-2
Added Pin To Net: NetName=NetC?_2 Pin=C?-2
Added Pin To Net: NetName=NetD?_1 Pin=D?-1
Added Pin To Net: NetName=VCC3.3_USB Pin=D?-1
Added Pin To Net: NetName=INTEGRATOR Pin=D?-2
Added Pin To Net: NetName=NetD?_2 Pin=D?-2
Added Pin To Net: NetName=VCC3.3 Pin=FB?-1
Added Pin To Net: NetName=VCC3.3 Pin=FB?-1
Added Pin To Net: NetName=VUSB Pin=FB?-1
Added Pin To Net: NetName=NetC?_1 Pin=FB?-2
Added Pin To Net: NetName=VBUS Pin=FB?-2
Added Pin To Net: NetName=VREG_IN Pin=FB?-2
Added Pin To Net: NetName=AMP3_OUT Pin=J?-1
Added Pin To Net: NetName=INTEGRATOR Pin=J?-1
Added Pin To Net: NetName=VBUS Pin=J?-1
Added Pin To Net: NetName=AGND Pin=R?-1
Added Pin To Net: NetName=AMP1_OUT Pin=R?-1
Added Pin To Net: NetName=AMP2_OUT Pin=R?-1
Added Pin To Net: NetName=AMP3_OUT Pin=R?-1
Added Pin To Net: NetName=COMP_OUT Pin=R?-1
Added Pin To Net: NetName=INTEGRATOR Pin=R?-1
Added Pin To Net: NetName=NetD?_2 Pin=R?-1
Added Pin To Net: NetName=NetR?_1 Pin=R?-1
Added Pin To Net: NetName=NetR?_1 Pin=R?-1
Added Pin To Net: NetName=R\A\D\I\O\_\R\E\S\E\T\ Pin=R?-1
Added Pin To Net: NetName=RADIO_VREG_EN Pin=R?-1
Added Pin To Net: NetName=VCC3.3 Pin=R?-1
Added Pin To Net: NetName=VCC3.3 Pin=R?-1
Added Pin To Net: NetName=VCC3.3 Pin=R?-1
Added Pin To Net: NetName=VCC3.3 Pin=R?-1
Added Pin To Net: NetName=AMP3_OUT Pin=R?-2
Added Pin To Net: NetName=COMP_OUT Pin=R?-2
Added Pin To Net: NetName=GND Pin=R?-2
Added Pin To Net: NetName=GND Pin=R?-2
Added Pin To Net: NetName=GND Pin=R?-2
Added Pin To Net: NetName=MOSI0 Pin=R?-2
Added Pin To Net: NetName=NetD?_1 Pin=R?-2
Added Pin To Net: NetName=NetR?_1 Pin=R?-2
Added Pin To Net: NetName=NetR?_2 Pin=R?-2
Added Pin To Net: NetName=ONEWIRE Pin=R?-2
Added Pin To Net: NetName=R\S\T\/NMI Pin=R?-2
Added Pin To Net: NetName=SCLK0 Pin=R?-2
Added Pin To Net: NetName=VCC3.3 Pin=R?-2
Added Pin To Net: NetName=AMP1_OUT Pin=U?-1
Added Pin To Net: NetName=COMP_OUT Pin=U?-1
Added Pin To Net: NetName=MOSI0 Pin=U?-1
Added Pin To Net: NetName=NetU?_1 Pin=U?-1
Added Pin To Net: NetName=ONEWIRE Pin=U?-1
Added Pin To Net: NetName=TX_2 Pin=U?-1
Added Pin To Net: NetName=VBUS Pin=U?-1
Added Pin To Net: NetName=VCC3.3_USB Pin=U?-1
Added Pin To Net: NetName=VCC3.3 Pin=U?-1
Added Pin To Net: NetName=VCC3.3 Pin=U?-1
Added Pin To Net: NetName=VCC3.3 Pin=U?-1
Added Pin To Net: NetName=VCC3.3 Pin=U?-1
Added Pin To Net: NetName=VDD1.8 Pin=U?-1
Added Pin To Net: NetName=VREF Pin=U?-1
Added Pin To Net: NetName=VSUPPLY Pin=U?-1
Added Pin To Net: NetName=GND Pin=U?-2
Added Pin To Net: NetName=GND Pin=U?-2
Added Pin To Net: NetName=GND Pin=U?-2
Added Pin To Net: NetName=GND Pin=U?-2
Added Pin To Net: NetName=GND Pin=U?-2
Added Pin To Net: NetName=GND Pin=U?-2
Added Pin To Net: NetName=NetU?_2 Pin=U?-2
Added Pin To Net: NetName=TX_1 Pin=U?-2
Added Pin To Net: NetName=UART1_TX Pin=U?-2
Added Pin To Net: NetName=VCC3.3 Pin=U?-2
Added Pin To Net: NetName=VCC Pin=U?-2
Added Pin To Net: NetName=VDD1.8 Pin=U?-2
Added Pin To Net: NetName=VREF Pin=U?-2
Added Pin To Net: NetName=GND Pin=U?-3
Added Pin To Net: NetName=GND Pin=U?-3
Added Pin To Net: NetName=GND Pin=U?-3
Added Pin To Net: NetName=GND Pin=U?-3
Added Pin To Net: NetName=NetR?_1 Pin=U?-3
Added Pin To Net: NetName=NetU?_3 Pin=U?-3
Added Pin To Net: NetName=VDD1.8 Pin=U?-3
Added Pin To Net: NetName=VREF Pin=U?-3
Added Pin To Net: NetName=VSUPPLY Pin=U?-3
Added Pin To Net: NetName=AMP3_OUT Pin=U?-4
Added Pin To Net: NetName=AMP3_OUT Pin=U?-4
Added Pin To Net: NetName=GND Pin=U?-4
Added Pin To Net: NetName=GND Pin=U?-4
Added Pin To Net: NetName=NetU?_4 Pin=U?-4
Added Pin To Net: NetName=SCLK0 Pin=U?-4
Added Pin To Net: NetName=TX_2 Pin=U?-4
Added Pin To Net: NetName=VDD1.8 Pin=U?-4
Added Pin To Net: NetName=VREF Pin=U?-4
Added Pin To Net: NetName=ADC0 Pin=U?-5
Added Pin To Net: NetName=AGND Pin=U?-5
Added Pin To Net: NetName=GND Pin=U?-5
Added Pin To Net: NetName=NC Pin=U?-5
Added Pin To Net: NetName=VCC3.3 Pin=U?-5
Added Pin To Net: NetName=VCC3.3 Pin=U?-5
Added Pin To Net: NetName=VCC3.3 Pin=U?-5
Added Pin To Net: NetName=VCC3.3 Pin=U?-5
Added Pin To Net: NetName=VCC_GATE Pin=U?-5
Added Pin To Net: NetName=VCC_GATE Pin=U?-5
Added Pin To Net: NetName=VREF Pin=U?-5
Added Pin To Net: NetName=GND Pin=U?-6
Added Pin To Net: NetName=GND Pin=U?-6
Added Pin To Net: NetName=MOSI0 Pin=U?-6
Added Pin To Net: NetName=RF_P Pin=U?-6
Added Pin To Net: NetName=SCLK0 Pin=U?-6
Added Pin To Net: NetName=TX_1 Pin=U?-6
Added Pin To Net: NetName=AMP2_OUT Pin=U?-7
Added Pin To Net: NetName=GND Pin=U?-7
Added Pin To Net: NetName=MISO0 Pin=U?-7
Added Pin To Net: NetName=OP1_NEGIN Pin=U?-7
Added Pin To Net: NetName=TXRX_SWITCH Pin=U?-7
Added Pin To Net: NetName=NetU?_4 Pin=U?-8
Added Pin To Net: NetName=NetU?_8 Pin=U?-8
Added Pin To Net: NetName=RF_N Pin=U?-8
Added Pin To Net: NetName=VCC3.3 Pin=U?-8
Added Pin To Net: NetName=AGND Pin=U?-9
Added Pin To Net: NetName=NetU?_9 Pin=U?-9
Added Pin To Net: NetName=TX_2 Pin=U?-10
Added Pin To Net: NetName=VDD1.8 Pin=U?-10
Added Pin To Net: NetName=GND Pin=U?-12
Added Pin To Net: NetName=NC Pin=U?-12
Added Pin To Net: NetName=RADIO_FIFOP Pin=U?-12
Added Pin To Net: NetName=GND Pin=U?-13
Added Pin To Net: NetName=NC Pin=U?-13
Added Pin To Net: NetName=UART1_TX Pin=U?-13
Added Pin To Net: NetName=NetJ?_3 Pin=U?-14
Added Pin To Net: NetName=NetU?_11 Pin=U?-14
Added Pin To Net: NetName=VCC3.3 Pin=U?-14
Added Pin To Net: NetName=VDD1.8 Pin=U?-14
Added Pin To Net: NetName=NetJ?_2 Pin=U?-15
Added Pin To Net: NetName=RADIO_FIFO Pin=U?-15
Added Pin To Net: NetName=VDD1.8 Pin=U?-15
Added Pin To Net: NetName=GND Pin=U?-16
Added Pin To Net: NetName=RADIO_CCA Pin=U?-16
Added Pin To Net: NetName=VCC3.3_USB Pin=U?-16
Added Pin To Net: NetName=MOSI0 Pin=Y?-1
Added Pin To Net: NetName=NetC?_2 Pin=Y?-1
