Added Component: Designator=ANT?(SMD Ground Antenna)
Added Component: Designator=B?(BD2425N50200AHF)
Added Component: Designator=C?(0402)
Added Component: Designator=C?(0402)
Added Component: Designator=C?(0603)
Added Component: Designator=C?(0402)
Added Component: Designator=C?(0402)
Added Component: Designator=C?(0402)
Added Component: Designator=C?(0402)
Added Component: Designator=C?(0402)
Added Component: Designator=C?(0402)
Added Component: Designator=C?(0402)
Added Component: Designator=C?(0402)
Added Component: Designator=C?(0402)
Added Component: Designator=C?(0402)
Added Component: Designator=C?(0402)
Added Component: Designator=C?(0402)
Added Component: Designator=C?(0402)
Added Component: Designator=C?(0402)
Added Component: Designator=C?(0402)
Added Component: Designator=C?(0402)
Added Component: Designator=C?(0402)
Added Component: Designator=C?(0603)
Added Component: Designator=C?(0603)
Added Component: Designator=C?(0603)
Added Component: Designator=C?(0402)
Added Component: Designator=C?(0402)
Added Component: Designator=C?(0402)
Added Component: Designator=C?(0402)
Added Component: Designator=C?(0402)
Added Component: Designator=C?(0402)
Added Component: Designator=C?(0603)
Added Component: Designator=C?(0402)
Added Component: Designator=C?(0402)
Added Component: Designator=C?(0402)
Added Component: Designator=C?(0402)
Added Component: Designator=C?(0402)
Added Component: Designator=C?(0402)
Added Component: Designator=C?(0402)
Added Component: Designator=C?(0402)
Added Component: Designator=C?(0402)
Added Component: Designator=C?(0402)
Added Component: Designator=C?(0402)
Added Component: Designator=C?(0402)
Added Component: Designator=C?(0402)
Added Component: Designator=C?(0402)
Added Component: Designator=C?(0402)
Added Component: Designator=FB?(0402)
Added Component: Designator=FB?(0402)
Added Component: Designator=FB?(0402)
Added Component: Designator=J?(TestPoint)
Added Component: Designator=J?(TestPoint)
Added Component: Designator=J?(Micro USB-B)
Added Component: Designator=L?(0402)
Added Component: Designator=Q?(SOT23-3N)
Added Component: Designator=R?(0402)
Added Component: Designator=R?(0402)
Added Component: Designator=R?(0402)
Added Component: Designator=R?(0402)
Added Component: Designator=R?(0402)
Added Component: Designator=R?(0402)
Added Component: Designator=R?(0402)
Added Component: Designator=R?(0402)
Added Component: Designator=R?(0402)
Added Component: Designator=R?(0402)
Added Component: Designator=R?(0402)
Added Component: Designator=R?(0402)
Added Component: Designator=R?(0402)
Added Component: Designator=R?(0402)
Added Component: Designator=R?(0402)
Added Component: Designator=R?(0402)
Added Component: Designator=R?(0402)
Added Component: Designator=R?(0402)
Added Component: Designator=R?(0402)
Added Component: Designator=R?(0402)
Added Component: Designator=SW?(Slide Switch SPDT)
Added Component: Designator=U?(TSSOP50P490X110-10N)
Added Component: Designator=U?(ULLGA6)
Added Component: Designator=U?(SC70-6)
Added Component: Designator=U?(SOT23-5)
Added Component: Designator=U?(SC70-5)
Added Component: Designator=U?(TSOP65P280X145-8N)
Added Component: Designator=U?(SC70-6)
Added Component: Designator=U?(QFN-32)
Added Component: Designator=U?(SOT23-5)
Added Component: Designator=U?(SOT23-3N)
Added Component: Designator=U?(TSOT23-5)
Added Component: Designator=U?(SOT23-3N)
Added Component: Designator=U?(QFN50P700X700X100_HS-49N)
Added Component: Designator=U?(QFN50P900X900X90_HS-65N)
Added Component: Designator=U?(DFN6)
Added Component: Designator=U?(LGA_CC-16-4)
Added Component: Designator=UT?(Transducer recepticle)
Added Component: Designator=Y?(TXC 7B)
Added Component: Designator=Y?(RV4162)
Added Pin To Net: NetName=ADC0 Pin=U?-5
Added Net: Name=ADC0
Added Pin To Net: NetName=AGND Pin=C?-1
Added Pin To Net: NetName=AGND Pin=C?-1
Added Pin To Net: NetName=AGND Pin=C?-2
Added Pin To Net: NetName=AGND Pin=C?-2
Added Pin To Net: NetName=AGND Pin=C?-2
Added Pin To Net: NetName=AGND Pin=C?-2
Added Pin To Net: NetName=AGND Pin=C?-2
Added Pin To Net: NetName=AGND Pin=C?-2
Added Pin To Net: NetName=AGND Pin=C?-2
Added Pin To Net: NetName=AGND Pin=C?-2
Added Pin To Net: NetName=AGND Pin=C?-2
Added Pin To Net: NetName=AGND Pin=C?-2
Added Pin To Net: NetName=AGND Pin=R?-1
Added Pin To Net: NetName=AGND Pin=U?-5
Added Pin To Net: NetName=AGND Pin=U?-9
Added Net: Name=AGND
Added Pin To Net: NetName=AMP1_OUT Pin=C?-1
Added Pin To Net: NetName=AMP1_OUT Pin=R?-1
Added Pin To Net: NetName=AMP1_OUT Pin=U?-1
Added Net: Name=AMP1_OUT
Added Pin To Net: NetName=AMP2_OUT Pin=C?-1
Added Pin To Net: NetName=AMP2_OUT Pin=R?-1
Added Pin To Net: NetName=AMP2_OUT Pin=U?-7
Added Net: Name=AMP2_OUT
Added Pin To Net: NetName=AMP3_OUT Pin=J?-1
Added Pin To Net: NetName=AMP3_OUT Pin=R?-1
Added Pin To Net: NetName=AMP3_OUT Pin=R?-2
Added Pin To Net: NetName=AMP3_OUT Pin=U?-4
Added Pin To Net: NetName=AMP3_OUT Pin=U?-4
Added Net: Name=AMP3_OUT
Added Pin To Net: NetName=COMP_OUT Pin=R?-1
Added Pin To Net: NetName=COMP_OUT Pin=R?-2
Added Pin To Net: NetName=COMP_OUT Pin=U?-1
Added Net: Name=COMP_OUT
Added Pin To Net: NetName=GND Pin=C?-2
Added Pin To Net: NetName=GND Pin=C?-2
Added Pin To Net: NetName=GND Pin=C?-2
Added Pin To Net: NetName=GND Pin=C?-2
Added Pin To Net: NetName=GND Pin=C?-2
Added Pin To Net: NetName=GND Pin=C?-2
Added Pin To Net: NetName=GND Pin=C?-2
Added Pin To Net: NetName=GND Pin=C?-2
Added Pin To Net: NetName=GND Pin=C?-2
Added Pin To Net: NetName=GND Pin=C?-2
Added Pin To Net: NetName=GND Pin=C?-2
Added Pin To Net: NetName=GND Pin=C?-2
Added Pin To Net: NetName=GND Pin=C?-2
Added Pin To Net: NetName=GND Pin=C?-2
Added Pin To Net: NetName=GND Pin=C?-2
Added Pin To Net: NetName=GND Pin=C?-2
Added Pin To Net: NetName=GND Pin=C?-2
Added Pin To Net: NetName=GND Pin=C?-2
Added Pin To Net: NetName=GND Pin=C?-2
Added Pin To Net: NetName=GND Pin=C?-2
Added Pin To Net: NetName=GND Pin=C?-2
Added Pin To Net: NetName=GND Pin=C?-2
Added Pin To Net: NetName=GND Pin=C?-2
Added Pin To Net: NetName=GND Pin=C?-2
Added Pin To Net: NetName=GND Pin=C?-2
Added Pin To Net: NetName=GND Pin=C?-2
Added Pin To Net: NetName=GND Pin=C?-2
Added Pin To Net: NetName=GND Pin=C?-2
Added Pin To Net: NetName=GND Pin=C?-2
Added Pin To Net: NetName=GND Pin=C?-2
Added Pin To Net: NetName=GND Pin=C?-2
Added Pin To Net: NetName=GND Pin=J?-5
Added Pin To Net: NetName=GND Pin=R?-2
Added Pin To Net: NetName=GND Pin=R?-2
Added Pin To Net: NetName=GND Pin=R?-2
Added Pin To Net: NetName=GND Pin=U?-2
Added Pin To Net: NetName=GND Pin=U?-2
Added Pin To Net: NetName=GND Pin=U?-2
Added Pin To Net: NetName=GND Pin=U?-2
Added Pin To Net: NetName=GND Pin=U?-2
Added Pin To Net: NetName=GND Pin=U?-2
Added Pin To Net: NetName=GND Pin=U?-3
Added Pin To Net: NetName=GND Pin=U?-3
Added Pin To Net: NetName=GND Pin=U?-3
Added Pin To Net: NetName=GND Pin=U?-3
Added Pin To Net: NetName=GND Pin=U?-4
Added Pin To Net: NetName=GND Pin=U?-4
Added Pin To Net: NetName=GND Pin=U?-5
Added Pin To Net: NetName=GND Pin=U?-6
Added Pin To Net: NetName=GND Pin=U?-6
Added Pin To Net: NetName=GND Pin=U?-7
Added Pin To Net: NetName=GND Pin=U?-12
Added Pin To Net: NetName=GND Pin=U?-13
Added Pin To Net: NetName=GND Pin=U?-16
Added Pin To Net: NetName=GND Pin=Y?-3
Added Net: Name=GND
Added Pin To Net: NetName=INTEGRATOR Pin=C?-1
Added Pin To Net: NetName=INTEGRATOR Pin=J?-1
Added Pin To Net: NetName=INTEGRATOR Pin=R?-1
Added Net: Name=INTEGRATOR
Added Pin To Net: NetName=MISO0 Pin=U?-7
Added Net: Name=MISO0
Added Pin To Net: NetName=MOSI0 Pin=R?-2
Added Pin To Net: NetName=MOSI0 Pin=U?-1
Added Pin To Net: NetName=MOSI0 Pin=U?-6
Added Pin To Net: NetName=MOSI0 Pin=Y?-1
Added Net: Name=MOSI0
Added Pin To Net: NetName=NC Pin=U?-5
Added Pin To Net: NetName=NC Pin=U?-12
Added Pin To Net: NetName=NC Pin=U?-13
Added Net: Name=NC
Added Pin To Net: NetName=NetANT?_1 Pin=ANT?-1
Added Pin To Net: NetName=NetANT?_1 Pin=B?-2
Added Net: Name=NetANT?_1
Added Pin To Net: NetName=NetC?_1 Pin=C?-1
Added Pin To Net: NetName=NetC?_1 Pin=FB?-2
Added Net: Name=NetC?_1
Added Pin To Net: NetName=NetC?_2 Pin=C?-2
Added Pin To Net: NetName=NetC?_2 Pin=R?-1
Added Net: Name=NetC?_2
Added Pin To Net: NetName=NetD?_1 Pin=R?-2
Added Net: Name=NetD?_1
Added Pin To Net: NetName=NetD?_2 Pin=R?-1
Added Net: Name=NetD?_2
Added Pin To Net: NetName=NetJ?_2 Pin=J?-2
Added Pin To Net: NetName=NetJ?_2 Pin=U?-15
Added Net: Name=NetJ?_2
Added Pin To Net: NetName=NetJ?_3 Pin=J?-3
Added Pin To Net: NetName=NetJ?_3 Pin=U?-14
Added Net: Name=NetJ?_3
Added Pin To Net: NetName=NetQ?_1 Pin=Q?-1
Added Net: Name=NetQ?_1
Added Pin To Net: NetName=NetR?_1 Pin=R?-1
Added Pin To Net: NetName=NetR?_1 Pin=R?-2
Added Pin To Net: NetName=NetR?_1 Pin=U?-3
Added Net: Name=NetR?_1
Added Pin To Net: NetName=NetR?_2 Pin=R?-2
Added Pin To Net: NetName=NetR?_2 Pin=R?-2
Added Pin To Net: NetName=NetR?_2 Pin=U?-6
Added Net: Name=NetR?_2
Added Pin To Net: NetName=NetU?_1 Pin=U?-1
Added Net: Name=NetU?_1
Added Pin To Net: NetName=NetU?_2 Pin=U?-2
Added Net: Name=NetU?_2
Added Pin To Net: NetName=NetU?_3 Pin=U?-3
Added Pin To Net: NetName=NetU?_3 Pin=UT?-2
Added Net: Name=NetU?_3
Added Pin To Net: NetName=NetU?_4 Pin=U?-4
Added Pin To Net: NetName=NetU?_4 Pin=U?-8
Added Net: Name=NetU?_4
Added Pin To Net: NetName=NetU?_8 Pin=U?-8
Added Net: Name=NetU?_8
Added Pin To Net: NetName=NetU?_9 Pin=U?-9
Added Pin To Net: NetName=NetU?_9 Pin=UT?-1
Added Net: Name=NetU?_9
Added Pin To Net: NetName=NetU?_11 Pin=U?-11
Added Pin To Net: NetName=NetU?_11 Pin=U?-14
Added Net: Name=NetU?_11
Added Pin To Net: NetName=NetU?_20 Pin=Y?-6
Added Net: Name=NetU?_20
Added Pin To Net: NetName=ONEWIRE Pin=R?-2
Added Pin To Net: NetName=ONEWIRE Pin=U?-1
Added Net: Name=ONEWIRE
Added Pin To Net: NetName=OP1_NEGIN Pin=C?-1
Added Pin To Net: NetName=OP1_NEGIN Pin=U?-7
Added Net: Name=OP1_NEGIN
Added Net: Name=R\A\D\I\O\_\C\S\
Added Pin To Net: NetName=R\A\D\I\O\_\R\E\S\E\T\ Pin=R?-1
Added Net: Name=R\A\D\I\O\_\R\E\S\E\T\
Added Pin To Net: NetName=R\S\T\/NMI Pin=C?-1
Added Pin To Net: NetName=R\S\T\/NMI Pin=R?-2
Added Net: Name=R\S\T\/NMI
Added Pin To Net: NetName=RADIO_CCA Pin=U?-16
Added Net: Name=RADIO_CCA
Added Pin To Net: NetName=RADIO_FIFOP Pin=U?-12
Added Net: Name=RADIO_FIFOP
Added Pin To Net: NetName=RADIO_FIFO Pin=U?-15
Added Net: Name=RADIO_FIFO
Added Net: Name=RADIO_SFD
Added Pin To Net: NetName=RADIO_VREG_EN Pin=R?-1
Added Net: Name=RADIO_VREG_EN
Added Pin To Net: NetName=RF_N Pin=B?-4
Added Pin To Net: NetName=RF_N Pin=L?-2
Added Pin To Net: NetName=RF_N Pin=U?-8
Added Net: Name=RF_N
Added Pin To Net: NetName=RF_P Pin=B?-3
Added Pin To Net: NetName=RF_P Pin=L?-1
Added Pin To Net: NetName=RF_P Pin=U?-6
Added Net: Name=RF_P
Added Pin To Net: NetName=SCLK0 Pin=R?-2
Added Pin To Net: NetName=SCLK0 Pin=U?-4
Added Pin To Net: NetName=SCLK0 Pin=U?-6
Added Pin To Net: NetName=SCLK0 Pin=Y?-8
Added Net: Name=SCLK0
Added Net: Name=TCK
Added Pin To Net: NetName=TX_1 Pin=U?-2
Added Pin To Net: NetName=TX_1 Pin=U?-6
Added Net: Name=TX_1
Added Pin To Net: NetName=TX_2 Pin=U?-1
Added Pin To Net: NetName=TX_2 Pin=U?-4
Added Pin To Net: NetName=TX_2 Pin=U?-10
Added Net: Name=TX_2
Added Pin To Net: NetName=TXRX_SWITCH Pin=B?-1
Added Pin To Net: NetName=TXRX_SWITCH Pin=C?-1
Added Pin To Net: NetName=TXRX_SWITCH Pin=U?-7
Added Net: Name=TXRX_SWITCH
Added Net: Name=UART1_RX
Added Pin To Net: NetName=UART1_TX Pin=U?-2
Added Pin To Net: NetName=UART1_TX Pin=U?-13
Added Net: Name=UART1_TX
Added Pin To Net: NetName=VBAT Pin=C?-1
Added Pin To Net: NetName=VBAT Pin=U?-5
Added Net: Name=VBAT
Added Pin To Net: NetName=VBUS Pin=C?-1
Added Pin To Net: NetName=VBUS Pin=C?-1
Added Pin To Net: NetName=VBUS Pin=FB?-2
Added Pin To Net: NetName=VBUS Pin=J?-1
Added Pin To Net: NetName=VBUS Pin=U?-1
Added Net: Name=VBUS
Added Pin To Net: NetName=VCC3.3_USB Pin=C?-1
Added Pin To Net: NetName=VCC3.3_USB Pin=U?-1
Added Pin To Net: NetName=VCC3.3_USB Pin=U?-16
Added Net: Name=VCC3.3_USB
Added Pin To Net: NetName=VCC3.3 Pin=C?-1
Added Pin To Net: NetName=VCC3.3 Pin=C?-1
Added Pin To Net: NetName=VCC3.3 Pin=C?-1
Added Pin To Net: NetName=VCC3.3 Pin=C?-1
Added Pin To Net: NetName=VCC3.3 Pin=C?-1
Added Pin To Net: NetName=VCC3.3 Pin=C?-1
Added Pin To Net: NetName=VCC3.3 Pin=C?-1
Added Pin To Net: NetName=VCC3.3 Pin=C?-1
Added Pin To Net: NetName=VCC3.3 Pin=C?-1
Added Pin To Net: NetName=VCC3.3 Pin=C?-1
Added Pin To Net: NetName=VCC3.3 Pin=C?-1
Added Pin To Net: NetName=VCC3.3 Pin=C?-1
Added Pin To Net: NetName=VCC3.3 Pin=C?-1
Added Pin To Net: NetName=VCC3.3 Pin=FB?-1
Added Pin To Net: NetName=VCC3.3 Pin=FB?-1
Added Pin To Net: NetName=VCC3.3 Pin=R?-1
Added Pin To Net: NetName=VCC3.3 Pin=R?-1
Added Pin To Net: NetName=VCC3.3 Pin=R?-1
Added Pin To Net: NetName=VCC3.3 Pin=R?-1
Added Pin To Net: NetName=VCC3.3 Pin=R?-1
Added Pin To Net: NetName=VCC3.3 Pin=R?-2
Added Pin To Net: NetName=VCC3.3 Pin=U?-1
Added Pin To Net: NetName=VCC3.3 Pin=U?-1
Added Pin To Net: NetName=VCC3.3 Pin=U?-1
Added Pin To Net: NetName=VCC3.3 Pin=U?-1
Added Pin To Net: NetName=VCC3.3 Pin=U?-2
Added Pin To Net: NetName=VCC3.3 Pin=U?-5
Added Pin To Net: NetName=VCC3.3 Pin=U?-5
Added Pin To Net: NetName=VCC3.3 Pin=U?-5
Added Pin To Net: NetName=VCC3.3 Pin=U?-5
Added Pin To Net: NetName=VCC3.3 Pin=U?-8
Added Pin To Net: NetName=VCC3.3 Pin=U?-14
Added Pin To Net: NetName=VCC3.3 Pin=Y?-5
Added Net: Name=VCC3.3
Added Pin To Net: NetName=VCC_GATE Pin=Q?-3
Added Pin To Net: NetName=VCC_GATE Pin=U?-5
Added Pin To Net: NetName=VCC_GATE Pin=U?-5
Added Net: Name=VCC_GATE
Added Pin To Net: NetName=VCC Pin=U?-2
Added Net: Name=VCC
Added Pin To Net: NetName=VDD1.8 Pin=C?-1
Added Pin To Net: NetName=VDD1.8 Pin=C?-1
Added Pin To Net: NetName=VDD1.8 Pin=C?-1
Added Pin To Net: NetName=VDD1.8 Pin=C?-1
Added Pin To Net: NetName=VDD1.8 Pin=C?-1
Added Pin To Net: NetName=VDD1.8 Pin=C?-1
Added Pin To Net: NetName=VDD1.8 Pin=C?-1
Added Pin To Net: NetName=VDD1.8 Pin=C?-1
Added Pin To Net: NetName=VDD1.8 Pin=C?-1
Added Pin To Net: NetName=VDD1.8 Pin=C?-1
Added Pin To Net: NetName=VDD1.8 Pin=C?-1
Added Pin To Net: NetName=VDD1.8 Pin=U?-1
Added Pin To Net: NetName=VDD1.8 Pin=U?-2
Added Pin To Net: NetName=VDD1.8 Pin=U?-3
Added Pin To Net: NetName=VDD1.8 Pin=U?-4
Added Pin To Net: NetName=VDD1.8 Pin=U?-10
Added Pin To Net: NetName=VDD1.8 Pin=U?-14
Added Pin To Net: NetName=VDD1.8 Pin=U?-15
Added Net: Name=VDD1.8
Added Pin To Net: NetName=VREF Pin=C?-1
Added Pin To Net: NetName=VREF Pin=C?-1
Added Pin To Net: NetName=VREF Pin=C?-1
Added Pin To Net: NetName=VREF Pin=C?-1
Added Pin To Net: NetName=VREF Pin=C?-1
Added Pin To Net: NetName=VREF Pin=U?-1
Added Pin To Net: NetName=VREF Pin=U?-2
Added Pin To Net: NetName=VREF Pin=U?-3
Added Pin To Net: NetName=VREF Pin=U?-4
Added Pin To Net: NetName=VREF Pin=U?-5
Added Net: Name=VREF
Added Pin To Net: NetName=VREG_IN Pin=C?-1
Added Pin To Net: NetName=VREG_IN Pin=FB?-2
Added Net: Name=VREG_IN
Added Pin To Net: NetName=VSUPPLY Pin=C?-1
Added Pin To Net: NetName=VSUPPLY Pin=Q?-2
Added Pin To Net: NetName=VSUPPLY Pin=SW?-2
Added Pin To Net: NetName=VSUPPLY Pin=U?-1
Added Pin To Net: NetName=VSUPPLY Pin=U?-3
Added Net: Name=VSUPPLY
Added Pin To Net: NetName=VUSB Pin=C?-1
Added Pin To Net: NetName=VUSB Pin=C?-1
Added Pin To Net: NetName=VUSB Pin=FB?-1
Added Net: Name=VUSB
Added Class: Name=U_accero_humid_rtc
Added Class: Name=U_impulse
Added Class: Name=U_power
Added Class: Name=U_programming
Added Class: Name=U_ultrasonic_rx
Added Class: Name=U_ultrasonic_tx
Added Room: Name=U_accero_humid_rtc
Added Room: Name=U_impulse
Added Room: Name=U_power
Added Room: Name=U_programming
Added Room: Name=U_ultrasonic_rx
Added Room: Name=U_ultrasonic_tx
