Replace Part C36 C_47p_0402_ceramic in C:\Users\wwhuang\Dropbox\Ultrasonic Ranging\Altium\v4.1\schematic\ultrasonic_rx.SchDoc with C_47p_0402_ceramic from rlc.SchLib
Replace Part C37 C_1u_0402_ceramic in C:\Users\wwhuang\Dropbox\Ultrasonic Ranging\Altium\v4.1\schematic\ultrasonic_rx.SchDoc with C_1u_0402_ceramic from rlc.SchLib
Replace Part C38 C_47p_0402_ceramic in C:\Users\wwhuang\Dropbox\Ultrasonic Ranging\Altium\v4.1\schematic\ultrasonic_rx.SchDoc with C_47p_0402_ceramic from rlc.SchLib
Replace Part C39 C_0.1u_0402_ceramic in C:\Users\wwhuang\Dropbox\Ultrasonic Ranging\Altium\v4.1\schematic\ultrasonic_rx.SchDoc with C_0.1u_0402_ceramic from rlc.SchLib
Replace Part C40 C_0.1u_0402_ceramic in C:\Users\wwhuang\Dropbox\Ultrasonic Ranging\Altium\v4.1\schematic\ultrasonic_rx.SchDoc with C_0.1u_0402_ceramic from rlc.SchLib
Replace Part C41 C_10u_0603_ceramic in C:\Users\wwhuang\Dropbox\Ultrasonic Ranging\Altium\v4.1\schematic\ultrasonic_rx.SchDoc with C_10u_0603_ceramic from rlc.SchLib
Replace Part C42 C_0.1u_0402_ceramic in C:\Users\wwhuang\Dropbox\Ultrasonic Ranging\Altium\v4.1\schematic\ultrasonic_rx.SchDoc with C_0.1u_0402_ceramic from rlc.SchLib
Replace Part C43 C_0.1u_0402_ceramic in C:\Users\wwhuang\Dropbox\Ultrasonic Ranging\Altium\v4.1\schematic\ultrasonic_rx.SchDoc with C_0.1u_0402_ceramic from rlc.SchLib
Replace Part C44 C_0.1u_0402_ceramic in C:\Users\wwhuang\Dropbox\Ultrasonic Ranging\Altium\v4.1\schematic\ultrasonic_rx.SchDoc with C_0.1u_0402_ceramic from rlc.SchLib
Replace Part C45 C_0.1u_0402_ceramic in C:\Users\wwhuang\Dropbox\Ultrasonic Ranging\Altium\v4.1\schematic\ultrasonic_rx.SchDoc with C_0.1u_0402_ceramic from rlc.SchLib
Replace Part C46 C_0.1u_0402_ceramic in C:\Users\wwhuang\Dropbox\Ultrasonic Ranging\Altium\v4.1\schematic\ultrasonic_rx.SchDoc with C_0.1u_0402_ceramic from rlc.SchLib
Replace Part C47 C_1000p_0402_ceramic in C:\Users\wwhuang\Dropbox\Ultrasonic Ranging\Altium\v4.1\schematic\ultrasonic_rx.SchDoc with C_1000p_0402_ceramic from rlc.SchLib
Replace Part D4 D_SCHOTTKY_30V_0.1A_0603 in C:\Users\wwhuang\Dropbox\Ultrasonic Ranging\Altium\v4.1\schematic\ultrasonic_rx.SchDoc with D_SCHOTTKY_30V_0.1A_0603 from rlc.SchLib
Replace Part R16 R_1M_0402 in C:\Users\wwhuang\Dropbox\Ultrasonic Ranging\Altium\v4.1\schematic\ultrasonic_rx.SchDoc with R_1M_0402 from rlc.SchLib
Replace Part R17 R_100K_0402 in C:\Users\wwhuang\Dropbox\Ultrasonic Ranging\Altium\v4.1\schematic\ultrasonic_rx.SchDoc with R_100K_0402 from rlc.SchLib
Replace Part R18 R_1M_0402 in C:\Users\wwhuang\Dropbox\Ultrasonic Ranging\Altium\v4.1\schematic\ultrasonic_rx.SchDoc with R_1M_0402 from rlc.SchLib
Replace Part R19 R_100K_0402 in C:\Users\wwhuang\Dropbox\Ultrasonic Ranging\Altium\v4.1\schematic\ultrasonic_rx.SchDoc with R_100K_0402 from rlc.SchLib
Replace Part R20 R_1M_0402 in C:\Users\wwhuang\Dropbox\Ultrasonic Ranging\Altium\v4.1\schematic\ultrasonic_rx.SchDoc with R_1M_0402 from rlc.SchLib
Replace Part R21 R_100K_0402 in C:\Users\wwhuang\Dropbox\Ultrasonic Ranging\Altium\v4.1\schematic\ultrasonic_rx.SchDoc with R_100K_0402 from rlc.SchLib
Replace Part R22 R_1.24M_0402 in C:\Users\wwhuang\Dropbox\Ultrasonic Ranging\Altium\v4.1\schematic\ultrasonic_rx.SchDoc with R_1.24M_0402 from rlc.SchLib
Replace Part R23 R_37.4K_0402 in C:\Users\wwhuang\Dropbox\Ultrasonic Ranging\Altium\v4.1\schematic\ultrasonic_rx.SchDoc with R_37.4K_0402 from rlc.SchLib
Replace Part R24 R_27K_0402 in C:\Users\wwhuang\Dropbox\Ultrasonic Ranging\Altium\v4.1\schematic\ultrasonic_rx.SchDoc with R_27K_0402 from rlc.SchLib
Replace Part R25 R_422K_0402 in C:\Users\wwhuang\Dropbox\Ultrasonic Ranging\Altium\v4.1\schematic\ultrasonic_rx.SchDoc with R_422K_0402 from rlc.SchLib
Replace Part R26 R_270K_0402 in C:\Users\wwhuang\Dropbox\Ultrasonic Ranging\Altium\v4.1\schematic\ultrasonic_rx.SchDoc with R_270K_0402 from rlc.SchLib
Replace Part U12 MIC861 in C:\Users\wwhuang\Dropbox\Ultrasonic Ranging\Altium\v4.1\schematic\ultrasonic_rx.SchDoc with MIC861 from opo.SchLib
Replace Part U13 MIC863 in C:\Users\wwhuang\Dropbox\Ultrasonic Ranging\Altium\v4.1\schematic\ultrasonic_rx.SchDoc with MIC863 from opo.SchLib
Replace Part U14 ADG849 in C:\Users\wwhuang\Dropbox\Ultrasonic Ranging\Altium\v4.1\schematic\ultrasonic_rx.SchDoc with ADG849 from opo.SchLib
Replace Part U15 TS881 in C:\Users\wwhuang\Dropbox\Ultrasonic Ranging\Altium\v4.1\schematic\ultrasonic_rx.SchDoc with TS881 from opo.SchLib
