Removed Pin From Net: NetName=VSUPPLY Pin=C2-2
Removed Pin From Net: NetName=VCC3.3 Pin=C4-2
Removed Pin From Net: NetName=GND Pin=C5-1
Removed Pin From Net: NetName=VCC3.3 Pin=C5-2
Removed Pin From Net: NetName=GND Pin=C6-1
Removed Pin From Net: NetName=VREF Pin=C6-2
Removed Pin From Net: NetName=VSUPPLY Pin=U2-1
Removed Pin From Net: NetName=GND Pin=U2-2
Removed Pin From Net: NetName=VSUPPLY Pin=U2-3
Removed Pin From Net: NetName=VCC3.3 Pin=U2-5
Removed Pin From Net: NetName=VCC3.3 Pin=U4-1
Removed Pin From Net: NetName=VREF Pin=U4-2
Removed Pin From Net: NetName=GND Pin=U4-3
Removed Member From Class: ClassName=ultrasounic_rx Member=C22
Removed Member From Class: ClassName=ultrasounic_rx Member=C23
Removed Member From Class: ClassName=ultrasounic_rx Member=C24
Removed Member From Class: ClassName=epic Member=R26
Removed Member From Class: ClassName=epic Member=R27
Removed Member From Class: ClassName=power Member=U4
Change Component DesignItemId : Designator=U2 Old DesignItemId=ADP162 New DesignItemId=ISL60002
Change Component Footprint: Designator=U2 Old Footprint=TSOT23-5 New Footprint=SOT23-3N
Change Component Comment : Designator=U2 Old Comment=ADP162 New Comment=ISL60002
Change Component Designator: OldDesignator=C7 NewDesignator=C9
Change Component Designator: OldDesignator=C8 NewDesignator=C10
Change Component Designator: OldDesignator=C9 NewDesignator=C11
Change Component Designator: OldDesignator=C10 NewDesignator=C12
Change Component Designator: OldDesignator=C11 NewDesignator=C13
Change Component Designator: OldDesignator=C14 NewDesignator=C15
Change Component Designator: OldDesignator=C15 NewDesignator=C16
Change Component Designator: OldDesignator=C18 NewDesignator=C17
Change Component Designator: OldDesignator=C19 NewDesignator=C18
Change Component Designator: OldDesignator=C20 NewDesignator=C19
Change Component Designator: OldDesignator=C22 NewDesignator=C7
Change Component Designator: OldDesignator=C23 NewDesignator=C8
Change Component Designator: OldDesignator=C24 NewDesignator=C14
Change Component Designator: OldDesignator=J6 NewDesignator=J3
Change Component Designator: OldDesignator=J7 NewDesignator=J4
Change Component Designator: OldDesignator=J9 NewDesignator=J5
Change Component Designator: OldDesignator=J24 NewDesignator=J6
Change Component Designator: OldDesignator=P3 NewDesignator=P1
Change Component Designator: OldDesignator=R1 NewDesignator=R3
Change Component Designator: OldDesignator=R2 NewDesignator=R4
Change Component Designator: OldDesignator=R3 NewDesignator=R5
Change Component Designator: OldDesignator=R4 NewDesignator=R6
Change Component Designator: OldDesignator=R5 NewDesignator=R7
Change Component Designator: OldDesignator=R6 NewDesignator=R8
Change Component Designator: OldDesignator=R11 NewDesignator=R10
Change Component Designator: OldDesignator=R15 NewDesignator=R11
Change Component Designator: OldDesignator=R17 NewDesignator=R12
Change Component Designator: OldDesignator=R19 NewDesignator=R13
Change Component Designator: OldDesignator=R22 NewDesignator=R14
Change Component Designator: OldDesignator=R24 NewDesignator=R15
Change Component Designator: OldDesignator=R26 NewDesignator=R1
Change Component Designator: OldDesignator=R27 NewDesignator=R2
Change Component Designator: OldDesignator=R28 NewDesignator=R16
Change Component Designator: OldDesignator=U3 NewDesignator=U4
Change Component Designator: OldDesignator=U9 NewDesignator=U8
Change Component Designator: OldDesignator=U10 NewDesignator=U9
Change Component Designator: OldDesignator=U11 NewDesignator=U10
Added Component: Designator=C5(1608[0603])
Added Component: Designator=C6(1608[0603])
Added Component: Designator=C20(1608[0603])
Added Component: Designator=C21(1608[0603])
Added Component: Designator=U3(TSOT23-5)
Added Component: Designator=U11(LGA-16)
Added Pin To Net: NetName=VCC3.3 Pin=C2-2
Added Pin To Net: NetName=VREF Pin=C4-2
Added Pin To Net: NetName=GND Pin=C5-1
Added Pin To Net: NetName=VSUPPLY Pin=C5-2
Added Pin To Net: NetName=GND Pin=C6-1
Added Pin To Net: NetName=VCC3.3 Pin=C6-2
Added Pin To Net: NetName=GND Pin=C20-1
Added Pin To Net: NetName=VCC3.3 Pin=C20-2
Added Pin To Net: NetName=GND Pin=C21-1
Added Pin To Net: NetName=VCC3.3 Pin=C21-2
Added Pin To Net: NetName=VCC3.3 Pin=U2-1
Added Pin To Net: NetName=VREF Pin=U2-2
Added Pin To Net: NetName=GND Pin=U2-3
Added Pin To Net: NetName=VSUPPLY Pin=U3-1
Added Pin To Net: NetName=GND Pin=U3-2
Added Pin To Net: NetName=VSUPPLY Pin=U3-3
Added Pin To Net: NetName=VCC3.3 Pin=U3-5
Added Pin To Net: NetName=VCC3.3 Pin=U11-1
Added Pin To Net: NetName=GND Pin=U11-5
Added Pin To Net: NetName=GND Pin=U11-10
Added Pin To Net: NetName=GND Pin=U11-12
Added Pin To Net: NetName=VCC3.3 Pin=U11-14
Change Net Name : Old Net Name=NetC7_1 New Net Name=NetC9_1
Change Net Name : Old Net Name=NetC18_1 New Net Name=NetC17_1
Change Net Name : Old Net Name=NetC18_2 New Net Name=NetC17_2
Change Net Name : Old Net Name=NetC22_2 New Net Name=NetC7_2
Change Net Name : Old Net Name=NetC23_2 New Net Name=NetC8_2
Change Net Name : Old Net Name=NetC24_2 New Net Name=NetC14_2
Change Net Name : Old Net Name=NetJ7_1 New Net Name=NetJ4_1
Change Net Name : Old Net Name=NetJ9_1 New Net Name=NetJ5_1
Change Net Name : Old Net Name=NetR1_1 New Net Name=NetR3_1
Change Net Name : Old Net Name=NetR2_1 New Net Name=NetR4_1
Change Net Name : Old Net Name=NetR28_1 New Net Name=NetR16_1
Added Class: Name=accelerometer
Added Member To Class: ClassName=ultrasounic_rx Member=Component C12 Cap Semi
Added Member To Class: ClassName=ultrasounic_rx Member=Component C13 Cap Semi
Added Member To Class: ClassName=ultrasounic_rx Member=Component C16 Cap Semi
Added Member To Class: ClassName=epic Member=Component R3 470
Added Member To Class: ClassName=epic Member=Component R4 470
Added Member To Class: ClassName=power Member=Component U3 ADP162
Added Room: Name=accelerometer
