Removed Pin From Net: NetName=VCC3.3 Pin=R7-2
Removed Pin From Net: NetName=VCC3.3 Pin=R8-2
Removed Member From Class: ClassName=ultrasounic_rx Member=R7
Removed Member From Class: ClassName=ultrasounic_rx Member=R8
Change Component Footprint: Designator=R13 Old Footprint=J1-0603 New Footprint=0402
Change Component Footprint: Designator=R14 Old Footprint=J1-0603 New Footprint=0402
Change Component Footprint: Designator=R15 Old Footprint=J1-0603 New Footprint=0402
Change Component Footprint: Designator=R16 Old Footprint=J1-0603 New Footprint=0402
Change Component Footprint: Designator=R18 Old Footprint=J1-0603 New Footprint=0402
Change Component Footprint: Designator=R19 Old Footprint=J1-0603 New Footprint=0402
Change Component Footprint: Designator=R21 Old Footprint=J1-0603 New Footprint=0402
Change Component Footprint: Designator=R23 Old Footprint=J1-0603 New Footprint=0402
Added Pin To Net: NetName=VCC3.3 Pin=C9-2
Added Pin To Net: NetName=VCC3.3 Pin=C11-2
Added Pin To Net: NetName=VCC3.3 Pin=U5-5
Added Pin To Net: NetName=VCC3.3 Pin=U6-5
Added Room: Name=epic
Added Room: Name=power
Added Room: Name=ultrasounic
Added Room: Name=ultrasounic_rx
Added Room: Name=ultrasounic_tx
