Added Component: Designator=ANT1(PIFA-2.4GHz)
Added Component: Designator=C1(1608[0603])
Added Component: Designator=C2(1608[0603])
Added Component: Designator=C3(1608[0603])
Added Component: Designator=C4(1608[0603])
Added Component: Designator=C5(1608[0603])
Added Component: Designator=C6(1608[0603])
Added Component: Designator=C7(1608[0603])
Added Component: Designator=C8(1608[0603])
Added Component: Designator=C9(1608[0603])
Added Component: Designator=C10(1608[0603])
Added Component: Designator=C11(1608[0603])
Added Component: Designator=C12(1608[0603])
Added Component: Designator=C13(1608[0603])
Added Component: Designator=C14(1608[0603])
Added Component: Designator=C15(1608[0603])
Added Component: Designator=C16(1608[0603])
Added Component: Designator=C17(1608[0603])
Added Component: Designator=C18(1608[0603])
Added Component: Designator=C19(1608[0603])
Added Component: Designator=C20(1608[0603])
Added Component: Designator=C21(1608[0603])
Added Component: Designator=D1(1608[0603])
Added Component: Designator=D2(1608[0603])
Added Component: Designator=D3(SOD523)
Added Component: Designator=J1(EPIC_PROG_EDGE)
Added Component: Designator=J2(TestPoint)
Added Component: Designator=J3(TestPoint)
Added Component: Designator=J4(TestPoint)
Added Component: Designator=J5(TestPoint)
Added Component: Designator=J6(TestPoint)
Added Component: Designator=J7(0360 SER)
Added Component: Designator=J8(TestPoint)
Added Component: Designator=J9(0360 SER)
Added Component: Designator=J10(TestPoint)
Added Component: Designator=J11(TestPoint)
Added Component: Designator=J12(TestPoint)
Added Component: Designator=J13(TestPoint)
Added Component: Designator=J14(TestPoint)
Added Component: Designator=J15(TestPoint)
Added Component: Designator=J16(TestPoint)
Added Component: Designator=J17(TestPoint)
Added Component: Designator=J18(TestPoint)
Added Component: Designator=J19(TestPoint)
Added Component: Designator=J20(TestPoint)
Added Component: Designator=J21(TestPoint)
Added Component: Designator=J22(TestPoint)
Added Component: Designator=J23(TestPoint)
Added Component: Designator=J24(TestPoint)
Added Component: Designator=P1(1x2 header)
Added Component: Designator=P2(1x2 header)
Added Component: Designator=R1(J1-0603)
Added Component: Designator=R2(J1-0603)
Added Component: Designator=R3(J1-0603)
Added Component: Designator=R4(J1-0603)
Added Component: Designator=R5(J1-0603)
Added Component: Designator=R6(J1-0603)
Added Component: Designator=R7(J1-0603)
Added Component: Designator=R8(J1-0603)
Added Component: Designator=R9(J1-0603)
Added Component: Designator=R10(J1-0603)
Added Component: Designator=R11(J1-0603)
Added Component: Designator=R12(J1-0603)
Added Component: Designator=R13(J1-0603)
Added Component: Designator=R14(J1-0603)
Added Component: Designator=R15(J1-0603)
Added Component: Designator=R16(J1-0603)
Added Component: Designator=R17(J1-0603)
Added Component: Designator=R18(J1-0603)
Added Component: Designator=R19(J1-0603)
Added Component: Designator=R20(J1-0603)
Added Component: Designator=R21(J1-0603)
Added Component: Designator=R22(J1-0603)
Added Component: Designator=R23(J1-0603)
Added Component: Designator=R24(J1-0603)
Added Component: Designator=R25(J1-0603)
Added Component: Designator=SW1(EVQP2)
Added Component: Designator=SW2(SSJ1304)
Added Component: Designator=U1(EPIC_LCC68)
Added Component: Designator=U2(TSOT23-5)
Added Component: Designator=U3(TSSOP50P490X110-10N)
Added Component: Designator=U4(SOT23-3N)
Added Component: Designator=U5(SC70-6)
Added Component: Designator=U6(SC70-6)
Added Component: Designator=U7(SC70-6)
Added Component: Designator=U8(SC70-6)
Added Component: Designator=U9(SOT23-5)
Added Component: Designator=U10(ULLGA6)
Added Component: Designator=U11(SOT23-5)
Added Component: Designator=U12(SOT23-5)
Added Component: Designator=UT1(Transducer)
Added Pin To Net: NetName=AMP1_OUT Pin=C7-2
Added Pin To Net: NetName=AMP1_OUT Pin=J15-1
Added Pin To Net: NetName=AMP1_OUT Pin=R3-2
Added Pin To Net: NetName=AMP1_OUT Pin=U5-4
Added Net: Name=AMP1_OUT
Added Pin To Net: NetName=AMP2_OUT Pin=C12-2
Added Pin To Net: NetName=AMP2_OUT Pin=J17-1
Added Pin To Net: NetName=AMP2_OUT Pin=R4-2
Added Pin To Net: NetName=AMP2_OUT Pin=U6-4
Added Net: Name=AMP2_OUT
Added Pin To Net: NetName=AMP3_OUT Pin=C13-2
Added Pin To Net: NetName=AMP3_OUT Pin=J19-1
Added Pin To Net: NetName=AMP3_OUT Pin=R9-2
Added Pin To Net: NetName=AMP3_OUT Pin=R15-1
Added Pin To Net: NetName=AMP3_OUT Pin=R18-2
Added Pin To Net: NetName=AMP3_OUT Pin=U7-4
Added Net: Name=AMP3_OUT
Added Pin To Net: NetName=AMP4_OUT Pin=J21-1
Added Pin To Net: NetName=AMP4_OUT Pin=R10-2
Added Pin To Net: NetName=AMP4_OUT Pin=R16-1
Added Pin To Net: NetName=AMP4_OUT Pin=R21-2
Added Pin To Net: NetName=AMP4_OUT Pin=U8-4
Added Net: Name=AMP4_OUT
Added Pin To Net: NetName=COMP_OUT Pin=J22-1
Added Pin To Net: NetName=COMP_OUT Pin=R17-2
Added Pin To Net: NetName=COMP_OUT Pin=R19-1
Added Pin To Net: NetName=COMP_OUT Pin=U9-1
Added Net: Name=COMP_OUT
Added Pin To Net: NetName=GND Pin=C2-1
Added Pin To Net: NetName=GND Pin=C3-1
Added Pin To Net: NetName=GND Pin=C4-1
Added Pin To Net: NetName=GND Pin=C5-1
Added Pin To Net: NetName=GND Pin=C6-1
Added Pin To Net: NetName=GND Pin=C8-1
Added Pin To Net: NetName=GND Pin=C9-1
Added Pin To Net: NetName=GND Pin=C10-1
Added Pin To Net: NetName=GND Pin=C11-1
Added Pin To Net: NetName=GND Pin=C14-1
Added Pin To Net: NetName=GND Pin=C15-1
Added Pin To Net: NetName=GND Pin=C16-1
Added Pin To Net: NetName=GND Pin=C17-1
Added Pin To Net: NetName=GND Pin=C19-1
Added Pin To Net: NetName=GND Pin=C20-1
Added Pin To Net: NetName=GND Pin=C21-1
Added Pin To Net: NetName=GND Pin=J1-2
Added Pin To Net: NetName=GND Pin=J1-4
Added Pin To Net: NetName=GND Pin=P2-1
Added Pin To Net: NetName=GND Pin=P2-2
Added Pin To Net: NetName=GND Pin=R22-1
Added Pin To Net: NetName=GND Pin=R24-1
Added Pin To Net: NetName=GND Pin=SW1-1
Added Pin To Net: NetName=GND Pin=SW1-3
Added Pin To Net: NetName=GND Pin=U1-1
Added Pin To Net: NetName=GND Pin=U1-18
Added Pin To Net: NetName=GND Pin=U1-35
Added Pin To Net: NetName=GND Pin=U1-52
Added Pin To Net: NetName=GND Pin=U2-2
Added Pin To Net: NetName=GND Pin=U3-5
Added Pin To Net: NetName=GND Pin=U3-6
Added Pin To Net: NetName=GND Pin=U5-2
Added Pin To Net: NetName=GND Pin=U6-2
Added Pin To Net: NetName=GND Pin=U7-2
Added Pin To Net: NetName=GND Pin=U8-2
Added Pin To Net: NetName=GND Pin=U9-2
Added Pin To Net: NetName=GND Pin=U10-2
Added Pin To Net: NetName=GND Pin=U11-3
Added Pin To Net: NetName=GND Pin=U12-3
Added Net: Name=GND
Added Pin To Net: NetName=NetANT1_cold Pin=ANT1-cold
Added Pin To Net: NetName=NetANT1_cold Pin=ANT1-cold
Added Pin To Net: NetName=NetANT1_cold Pin=U1-42
Added Pin To Net: NetName=NetANT1_cold Pin=U1-44
Added Net: Name=NetANT1_cold
Added Pin To Net: NetName=NetANT1_hot Pin=ANT1-hot
Added Pin To Net: NetName=NetANT1_hot Pin=U1-43
Added Net: Name=NetANT1_hot
Added Pin To Net: NetName=NetC1_2 Pin=C1-2
Added Pin To Net: NetName=NetC1_2 Pin=U1-17
Added Net: Name=NetC1_2
Added Pin To Net: NetName=NetC7_1 Pin=C7-1
Added Pin To Net: NetName=NetC7_1 Pin=R6-1
Added Net: Name=NetC7_1
Added Pin To Net: NetName=NetC9_2 Pin=C9-2
Added Pin To Net: NetName=NetC9_2 Pin=R7-1
Added Pin To Net: NetName=NetC9_2 Pin=U5-5
Added Net: Name=NetC9_2
Added Pin To Net: NetName=NetC11_2 Pin=C11-2
Added Pin To Net: NetName=NetC11_2 Pin=R8-1
Added Pin To Net: NetName=NetC11_2 Pin=U6-5
Added Net: Name=NetC11_2
Added Pin To Net: NetName=NetC12_1 Pin=C12-1
Added Pin To Net: NetName=NetC12_1 Pin=R11-1
Added Net: Name=NetC12_1
Added Pin To Net: NetName=NetC13_1 Pin=C13-1
Added Pin To Net: NetName=NetC13_1 Pin=R12-1
Added Net: Name=NetC13_1
Added Pin To Net: NetName=NetC15_2 Pin=C15-2
Added Pin To Net: NetName=NetC15_2 Pin=R13-1
Added Pin To Net: NetName=NetC15_2 Pin=U7-5
Added Net: Name=NetC15_2
Added Pin To Net: NetName=NetC17_2 Pin=C17-2
Added Pin To Net: NetName=NetC17_2 Pin=R14-1
Added Pin To Net: NetName=NetC17_2 Pin=U8-5
Added Net: Name=NetC17_2
Added Pin To Net: NetName=NetC18_1 Pin=C18-1
Added Pin To Net: NetName=NetC18_1 Pin=R22-2
Added Pin To Net: NetName=NetC18_1 Pin=U1-66
Added Net: Name=NetC18_1
Added Pin To Net: NetName=NetC18_2 Pin=C18-2
Added Pin To Net: NetName=NetC18_2 Pin=R15-2
Added Pin To Net: NetName=NetC18_2 Pin=R16-2
Added Pin To Net: NetName=NetC18_2 Pin=R19-2
Added Net: Name=NetC18_2
Added Pin To Net: NetName=NetC20_2 Pin=C20-2
Added Pin To Net: NetName=NetC20_2 Pin=R23-1
Added Pin To Net: NetName=NetC20_2 Pin=U9-5
Added Net: Name=NetC20_2
Added Pin To Net: NetName=NetC21_2 Pin=C21-2
Added Pin To Net: NetName=NetC21_2 Pin=J23-1
Added Pin To Net: NetName=NetC21_2 Pin=R17-1
Added Pin To Net: NetName=NetC21_2 Pin=R20-1
Added Pin To Net: NetName=NetC21_2 Pin=R24-2
Added Pin To Net: NetName=NetC21_2 Pin=U9-4
Added Net: Name=NetC21_2
Added Pin To Net: NetName=NetD1_2 Pin=D1-2
Added Pin To Net: NetName=NetD1_2 Pin=R1-2
Added Net: Name=NetD1_2
Added Pin To Net: NetName=NetD2_2 Pin=D2-2
Added Pin To Net: NetName=NetD2_2 Pin=R2-2
Added Net: Name=NetD2_2
Added Pin To Net: NetName=NetD3_1 Pin=D3-1
Added Pin To Net: NetName=NetD3_1 Pin=R18-1
Added Pin To Net: NetName=NetD3_1 Pin=R21-1
Added Net: Name=NetD3_1
Added Pin To Net: NetName=NetD3_2 Pin=D3-2
Added Pin To Net: NetName=NetD3_2 Pin=J24-1
Added Pin To Net: NetName=NetD3_2 Pin=R20-2
Added Net: Name=NetD3_2
Added Pin To Net: NetName=NetJ4_1 Pin=J4-1
Added Pin To Net: NetName=NetJ4_1 Pin=U1-4
Added Pin To Net: NetName=NetJ4_1 Pin=U11-2
Added Net: Name=NetJ4_1
Added Pin To Net: NetName=NetJ5_1 Pin=J5-1
Added Pin To Net: NetName=NetJ5_1 Pin=R25-2
Added Pin To Net: NetName=NetJ5_1 Pin=U1-32
Added Pin To Net: NetName=NetJ5_1 Pin=U11-1
Added Net: Name=NetJ5_1
Added Pin To Net: NetName=NetJ7_1 Pin=J7-1
Added Pin To Net: NetName=NetJ7_1 Pin=J10-1
Added Pin To Net: NetName=NetJ7_1 Pin=U3-9
Added Pin To Net: NetName=NetJ7_1 Pin=UT1-1
Added Net: Name=NetJ7_1
Added Pin To Net: NetName=NetJ9_1 Pin=J9-1
Added Pin To Net: NetName=NetJ9_1 Pin=J12-1
Added Pin To Net: NetName=NetJ9_1 Pin=U3-3
Added Pin To Net: NetName=NetJ9_1 Pin=UT1-2
Added Net: Name=NetJ9_1
Added Pin To Net: NetName=NetJ16_1 Pin=J16-1
Added Pin To Net: NetName=NetJ16_1 Pin=R4-1
Added Pin To Net: NetName=NetJ16_1 Pin=R6-2
Added Pin To Net: NetName=NetJ16_1 Pin=U6-3
Added Net: Name=NetJ16_1
Added Pin To Net: NetName=NetJ18_1 Pin=J18-1
Added Pin To Net: NetName=NetJ18_1 Pin=R9-1
Added Pin To Net: NetName=NetJ18_1 Pin=R11-2
Added Pin To Net: NetName=NetJ18_1 Pin=U7-3
Added Net: Name=NetJ18_1
Added Pin To Net: NetName=NetJ20_1 Pin=J20-1
Added Pin To Net: NetName=NetJ20_1 Pin=R10-1
Added Pin To Net: NetName=NetJ20_1 Pin=R12-2
Added Pin To Net: NetName=NetJ20_1 Pin=U8-3
Added Net: Name=NetJ20_1
Added Pin To Net: NetName=NetR1_1 Pin=R1-1
Added Pin To Net: NetName=NetR1_1 Pin=U1-65
Added Net: Name=NetR1_1
Added Pin To Net: NetName=NetR2_1 Pin=R2-1
Added Pin To Net: NetName=NetR2_1 Pin=U1-67
Added Net: Name=NetR2_1
Added Pin To Net: NetName=NetR3_1 Pin=R3-1
Added Pin To Net: NetName=NetR3_1 Pin=R5-2
Added Pin To Net: NetName=NetR3_1 Pin=U5-3
Added Net: Name=NetR3_1
Added Pin To Net: NetName=NetR25_1 Pin=R25-1
Added Pin To Net: NetName=NetR25_1 Pin=U12-2
Added Net: Name=NetR25_1
Added Pin To Net: NetName=NetU10_3 Pin=U10-3
Added Pin To Net: NetName=NetU10_3 Pin=U12-4
Added Net: Name=NetU10_3
Added Pin To Net: NetName=NetU11_4 Pin=U11-4
Added Pin To Net: NetName=NetU11_4 Pin=U12-1
Added Net: Name=NetU11_4
Added Pin To Net: NetName=OP1_NEGIN Pin=J13-1
Added Pin To Net: NetName=OP1_NEGIN Pin=R5-1
Added Pin To Net: NetName=OP1_NEGIN Pin=U3-7
Added Net: Name=OP1_NEGIN
Added Pin To Net: NetName=R\S\T Pin=J1-8
Added Pin To Net: NetName=R\S\T Pin=SW1-2
Added Pin To Net: NetName=R\S\T Pin=SW1-4
Added Pin To Net: NetName=R\S\T Pin=U1-16
Added Net: Name=R\S\T
Added Pin To Net: NetName=SFD Pin=J3-1
Added Pin To Net: NetName=SFD Pin=U1-40
Added Pin To Net: NetName=SFD Pin=U1-50
Added Net: Name=SFD
Added Pin To Net: NetName=TCK Pin=J1-7
Added Pin To Net: NetName=TCK Pin=U1-15
Added Net: Name=TCK
Added Pin To Net: NetName=TX/RX_SELECT Pin=J2-1
Added Pin To Net: NetName=TX/RX_SELECT Pin=U1-2
Added Pin To Net: NetName=TX/RX_SELECT Pin=U3-4
Added Pin To Net: NetName=TX/RX_SELECT Pin=U3-8
Added Net: Name=TX/RX_SELECT
Added Pin To Net: NetName=TX_1 Pin=J11-1
Added Pin To Net: NetName=TX_1 Pin=U3-2
Added Pin To Net: NetName=TX_1 Pin=U10-6
Added Net: Name=TX_1
Added Pin To Net: NetName=TX_2 Pin=J8-1
Added Pin To Net: NetName=TX_2 Pin=U3-10
Added Pin To Net: NetName=TX_2 Pin=U10-1
Added Pin To Net: NetName=TX_2 Pin=U10-4
Added Net: Name=TX_2
Added Pin To Net: NetName=UART1_RX Pin=J1-6
Added Pin To Net: NetName=UART1_RX Pin=U1-62
Added Net: Name=UART1_RX
Added Pin To Net: NetName=UART1_TX Pin=J1-5
Added Pin To Net: NetName=UART1_TX Pin=U1-61
Added Net: Name=UART1_TX
Added Pin To Net: NetName=VBAT Pin=J1-1
Added Pin To Net: NetName=VBAT Pin=SW2-1
Added Net: Name=VBAT
Added Pin To Net: NetName=VCC3.3 Pin=C1-1
Added Pin To Net: NetName=VCC3.3 Pin=C3-2
Added Pin To Net: NetName=VCC3.3 Pin=C4-2
Added Pin To Net: NetName=VCC3.3 Pin=C5-2
Added Pin To Net: NetName=VCC3.3 Pin=D1-1
Added Pin To Net: NetName=VCC3.3 Pin=D2-1
Added Pin To Net: NetName=VCC3.3 Pin=J1-3
Added Pin To Net: NetName=VCC3.3 Pin=J6-1
Added Pin To Net: NetName=VCC3.3 Pin=R7-2
Added Pin To Net: NetName=VCC3.3 Pin=R8-2
Added Pin To Net: NetName=VCC3.3 Pin=R13-2
Added Pin To Net: NetName=VCC3.3 Pin=R14-2
Added Pin To Net: NetName=VCC3.3 Pin=R23-2
Added Pin To Net: NetName=VCC3.3 Pin=U1-34
Added Pin To Net: NetName=VCC3.3 Pin=U1-37
Added Pin To Net: NetName=VCC3.3 Pin=U1-51
Added Pin To Net: NetName=VCC3.3 Pin=U1-53
Added Pin To Net: NetName=VCC3.3 Pin=U1-56
Added Pin To Net: NetName=VCC3.3 Pin=U1-58
Added Pin To Net: NetName=VCC3.3 Pin=U1-68
Added Pin To Net: NetName=VCC3.3 Pin=U2-5
Added Pin To Net: NetName=VCC3.3 Pin=U3-1
Added Pin To Net: NetName=VCC3.3 Pin=U4-1
Added Pin To Net: NetName=VCC3.3 Pin=U10-5
Added Pin To Net: NetName=VCC3.3 Pin=U11-5
Added Pin To Net: NetName=VCC3.3 Pin=U12-5
Added Net: Name=VCC3.3
Added Pin To Net: NetName=VHEADER Pin=P1-1
Added Pin To Net: NetName=VHEADER Pin=P1-2
Added Pin To Net: NetName=VHEADER Pin=SW2-4
Added Net: Name=VHEADER
Added Pin To Net: NetName=VREF Pin=C6-2
Added Pin To Net: NetName=VREF Pin=C8-2
Added Pin To Net: NetName=VREF Pin=C10-2
Added Pin To Net: NetName=VREF Pin=C14-2
Added Pin To Net: NetName=VREF Pin=C16-2
Added Pin To Net: NetName=VREF Pin=C19-2
Added Pin To Net: NetName=VREF Pin=J14-1
Added Pin To Net: NetName=VREF Pin=U4-2
Added Pin To Net: NetName=VREF Pin=U5-1
Added Pin To Net: NetName=VREF Pin=U6-1
Added Pin To Net: NetName=VREF Pin=U7-1
Added Pin To Net: NetName=VREF Pin=U8-1
Added Pin To Net: NetName=VREF Pin=U9-3
Added Net: Name=VREF
Added Pin To Net: NetName=VSUPPLY Pin=C2-2
Added Pin To Net: NetName=VSUPPLY Pin=SW2-2
Added Pin To Net: NetName=VSUPPLY Pin=U2-1
Added Pin To Net: NetName=VSUPPLY Pin=U2-3
Added Net: Name=VSUPPLY
Added Class: Name=epic
Added Class: Name=power
Added Class: Name=ultrasounic_rx
Added Class: Name=ultrasounic_tx
Added Class: Name=ultrasounic
Added Room: Name=epic
Added Room: Name=power
Added Room: Name=ultrasounic
Added Room: Name=ultrasounic_rx
Added Room: Name=ultrasounic_tx
