Removed Pin From Net: NetName=AMP1_OUT Pin=C7-2
Removed Pin From Net: NetName=AMP2_OUT Pin=C12-2
Removed Pin From Net: NetName=AMP3_OUT Pin=C13-2
Removed Pin From Net: NetName=GND Pin=J1-2
Removed Pin From Net: NetName=VCC3.3 Pin=J1-3
Removed Pin From Net: NetName=GND Pin=J1-4
Removed Pin From Net: NetName=UART1_TX Pin=J1-5
Removed Pin From Net: NetName=UART1_RX Pin=J1-6
Removed Pin From Net: NetName=TCK Pin=J1-7
Removed Pin From Net: NetName=R\S\T Pin=J1-8
Removed Pin From Net: NetName=GND Pin=P2-1
Removed Pin From Net: NetName=GND Pin=P2-2
Removed Pin From Net: NetName=OP1_NEGIN Pin=R5-1
Removed Pin From Net: NetName=NetC7_1 Pin=R6-1
Removed Member From Class: ClassName=ultrasounic_rx Member=C12
Removed Member From Class: ClassName=ultrasounic_rx Member=C13
Removed Member From Class: ClassName=power Member=P1
Removed Member From Class: ClassName=power Member=P2
Change Component DesignItemId : Designator=J1 Old DesignItemId=EPIC_PROG_EDGE New DesignItemId=flat flex connector
Change Component Footprint: Designator=J1 Old Footprint=EPIC_PROG_EDGE New Footprint=Flat Flex top contact
Change Component Comment : Designator=J1 Old Comment=EPIC_PROG_EDGE New Comment=flat flex connector
Added Pin To Net: NetName=OP1_NEGIN Pin=C7-2
Added Pin To Net: NetName=UART1_TX Pin=J1-2
Added Pin To Net: NetName=UART1_RX Pin=J1-3
Added Pin To Net: NetName=TCK Pin=J1-4
Added Pin To Net: NetName=R\S\T Pin=J1-5
Added Pin To Net: NetName=GND Pin=J1-6
Added Pin To Net: NetName=NetC7_1 Pin=R5-1
Added Pin To Net: NetName=AMP1_OUT Pin=R6-1
Added Pin To Net: NetName=AMP2_OUT Pin=R11-1
Added Pin To Net: NetName=AMP3_OUT Pin=R12-1
