Removed Pin From Net: NetName=GND Pin=C5-1
Removed Pin From Net: NetName=VSUPPLY Pin=C5-2
Removed Pin From Net: NetName=GND Pin=C6-1
Removed Pin From Net: NetName=VCC3.3 Pin=C6-2
Removed Pin From Net: NetName=VSUPPLY Pin=U3-1
Removed Pin From Net: NetName=GND Pin=U3-2
Removed Pin From Net: NetName=VSUPPLY Pin=U3-3
Removed Pin From Net: NetName=VCC3.3 Pin=U3-5
Added Component: Designator=C5(1608[0603])
Added Component: Designator=C6(1608[0603])
Added Component: Designator=U3(TSOT23-5)
Added Pin To Net: NetName=GND Pin=C5-1
Added Pin To Net: NetName=VSUPPLY Pin=C5-2
Added Pin To Net: NetName=GND Pin=C6-1
Added Pin To Net: NetName=VCC3.3 Pin=C6-2
Added Pin To Net: NetName=VSUPPLY Pin=U3-1
Added Pin To Net: NetName=GND Pin=U3-2
Added Pin To Net: NetName=VSUPPLY Pin=U3-3
Added Pin To Net: NetName=VCC3.3 Pin=U3-5
Added Member To Class: ClassName=power Member=Component C5 Cap Semi
Added Member To Class: ClassName=power Member=Component C6 Cap Semi
Added Member To Class: ClassName=power Member=Component U3 ADP162
