Removed Pin From Net: NetName=NetC17_2 Pin=C17-2
Removed Pin From Net: NetName=VREF Pin=C18-2
Removed Pin From Net: NetName=NetC17_2 Pin=R11-2
Removed Pin From Net: NetName=NetC17_2 Pin=R13-2
Removed Pin From Net: NetName=VREF Pin=U8-3
Added Component: Designator=D3(J1-0603)
Added Component: Designator=R16(J1-0603)
Added Component: Designator=R17(J1-0603)
Added Pin To Net: NetName=GND Pin=C17-2
Added Pin To Net: NetName=NetC17_2 Pin=C18-2
Added Pin To Net: NetName=NetC17_1 Pin=D3-2
Added Pin To Net: NetName=NetC17_2 Pin=R16-1
Added Pin To Net: NetName=VREF Pin=R16-2
Added Pin To Net: NetName=GND Pin=R17-1
Added Pin To Net: NetName=NetC17_2 Pin=R17-2
Added Pin To Net: NetName=NetC17_2 Pin=U8-3
Change Net Name : Old Net Name=NetC17_2 New Net Name=NetC18_2
Added Pin To Net: NetName=NetD3_1 Pin=D3-1
Added Pin To Net: NetName=NetD3_1 Pin=R11-2
Added Pin To Net: NetName=NetD3_1 Pin=R13-2
Added Net: Name=NetD3_1
Added Member To Class: ClassName=ultrasounic_rx Member=Component D3 Diode
Added Member To Class: ClassName=ultrasounic_rx Member=Component R16 Res3
Added Member To Class: ClassName=ultrasounic_rx Member=Component R17 Res3
