Change Physical Footprint: Designator=ANT1 Old Footprint=PIFA-2.4GHz New Footprint=PIFA-2.4GHz
Change Physical Footprint: Designator=C1 Old Footprint=1608[0603] New Footprint=1608[0603]
Change Physical Footprint: Designator=C2 Old Footprint=1608[0603] New Footprint=1608[0603]
Change Physical Footprint: Designator=C3 Old Footprint=1608[0603] New Footprint=1608[0603]
Change Physical Footprint: Designator=C4 Old Footprint=1608[0603] New Footprint=1608[0603]
Change Physical Footprint: Designator=C5 Old Footprint=1608[0603] New Footprint=1608[0603]
Change Physical Footprint: Designator=C6 Old Footprint=1608[0603] New Footprint=1608[0603]
Change Physical Footprint: Designator=C7 Old Footprint=1608[0603] New Footprint=1608[0603]
Change Physical Footprint: Designator=C8 Old Footprint=1608[0603] New Footprint=1608[0603]
Change Physical Footprint: Designator=C9 Old Footprint=1608[0603] New Footprint=1608[0603]
Change Physical Footprint: Designator=C10 Old Footprint=1608[0603] New Footprint=1608[0603]
Change Physical Footprint: Designator=C11 Old Footprint=1608[0603] New Footprint=1608[0603]
Change Physical Footprint: Designator=C12 Old Footprint=1608[0603] New Footprint=1608[0603]
Change Physical Footprint: Designator=C13 Old Footprint=1608[0603] New Footprint=1608[0603]
Change Physical Footprint: Designator=C14 Old Footprint=1608[0603] New Footprint=1608[0603]
Change Physical Footprint: Designator=C15 Old Footprint=1608[0603] New Footprint=1608[0603]
Change Physical Footprint: Designator=C16 Old Footprint=1608[0603] New Footprint=1608[0603]
Change Physical Footprint: Designator=C17 Old Footprint=1608[0603] New Footprint=1608[0603]
Change Physical Footprint: Designator=C18 Old Footprint=1608[0603] New Footprint=1608[0603]
Change Physical Footprint: Designator=C19 Old Footprint=1608[0603] New Footprint=1608[0603]
Change Physical Footprint: Designator=C20 Old Footprint=1608[0603] New Footprint=1608[0603]
Change Physical Footprint: Designator=C21 Old Footprint=1608[0603] New Footprint=1608[0603]
Change Physical Footprint: Designator=C22 Old Footprint=1608[0603] New Footprint=1608[0603]
Change Physical Footprint: Designator=C23 Old Footprint=1608[0603] New Footprint=1608[0603]
Change Physical Footprint: Designator=C24 Old Footprint=1608[0603] New Footprint=1608[0603]
Change Physical Footprint: Designator=C25 Old Footprint=1608[0603] New Footprint=1608[0603]
Change Physical Footprint: Designator=D1 Old Footprint=J1-0603 New Footprint=J1-0603
Change Physical Footprint: Designator=D2 Old Footprint=J1-0603 New Footprint=J1-0603
Change Physical Footprint: Designator=D3 Old Footprint=SOD523 New Footprint=SOD523
Change Physical Footprint: Designator=J1 Old Footprint=EPIC_PROG_EDGE New Footprint=EPIC_PROG_EDGE
Change Physical Footprint: Designator=J2 Old Footprint=TestPoint New Footprint=TestPoint
Change Physical Footprint: Designator=J3 Old Footprint=TestPoint New Footprint=TestPoint
Change Physical Footprint: Designator=J6 Old Footprint=TestPoint New Footprint=TestPoint
Change Physical Footprint: Designator=J7 Old Footprint=0360 SER New Footprint=0360 SER
Change Physical Footprint: Designator=J8 Old Footprint=TestPoint New Footprint=TestPoint
Change Physical Footprint: Designator=J9 Old Footprint=0360 SER New Footprint=0360 SER
Change Physical Footprint: Designator=J10 Old Footprint=TestPoint New Footprint=TestPoint
Change Physical Footprint: Designator=J11 Old Footprint=TestPoint New Footprint=TestPoint
Change Physical Footprint: Designator=J12 Old Footprint=TestPoint New Footprint=TestPoint
Change Physical Footprint: Designator=J13 Old Footprint=TestPoint New Footprint=TestPoint
Change Physical Footprint: Designator=J14 Old Footprint=TestPoint New Footprint=TestPoint
Change Physical Footprint: Designator=J23 Old Footprint=TestPoint New Footprint=TestPoint
Change Physical Footprint: Designator=J24 Old Footprint=TestPoint New Footprint=TestPoint
Change Physical Footprint: Designator=P1 Old Footprint=1x2 header New Footprint=1x2 header
Change Physical Footprint: Designator=P2 Old Footprint=1x2 header New Footprint=1x2 header
Change Physical Footprint: Designator=Q1 Old Footprint=SOT23-3N New Footprint=SOT23-3N
Change Physical Footprint: Designator=R1 Old Footprint=J1-0603 New Footprint=J1-0603
Change Physical Footprint: Designator=R2 Old Footprint=J1-0603 New Footprint=J1-0603
Change Physical Footprint: Designator=R3 Old Footprint=J1-0603 New Footprint=J1-0603
Change Physical Footprint: Designator=R4 Old Footprint=J1-0603 New Footprint=J1-0603
Change Physical Footprint: Designator=R5 Old Footprint=J1-0603 New Footprint=J1-0603
Change Physical Footprint: Designator=R6 Old Footprint=J1-0603 New Footprint=J1-0603
Change Physical Footprint: Designator=R7 Old Footprint=0402 New Footprint=0402
Change Physical Footprint: Designator=R8 Old Footprint=0402 New Footprint=0402
Change Physical Footprint: Designator=R9 Old Footprint=J1-0603 New Footprint=J1-0603
Change Physical Footprint: Designator=R10 Old Footprint=J1-0603 New Footprint=J1-0603
Change Physical Footprint: Designator=R11 Old Footprint=J1-0603 New Footprint=J1-0603
Change Physical Footprint: Designator=R12 Old Footprint=J1-0603 New Footprint=J1-0603
Change Physical Footprint: Designator=R13 Old Footprint=0402 New Footprint=0402
Change Physical Footprint: Designator=R14 Old Footprint=0402 New Footprint=0402
Change Physical Footprint: Designator=R15 Old Footprint=0402 New Footprint=0402
Change Physical Footprint: Designator=R16 Old Footprint=0402 New Footprint=0402
Change Physical Footprint: Designator=R17 Old Footprint=J1-0603 New Footprint=J1-0603
Change Physical Footprint: Designator=R18 Old Footprint=0402 New Footprint=0402
Change Physical Footprint: Designator=R19 Old Footprint=0402 New Footprint=0402
Change Physical Footprint: Designator=R20 Old Footprint=J1-0603 New Footprint=J1-0603
Change Physical Footprint: Designator=R21 Old Footprint=0402 New Footprint=0402
Change Physical Footprint: Designator=R22 Old Footprint=J1-0603 New Footprint=J1-0603
Change Physical Footprint: Designator=R23 Old Footprint=0402 New Footprint=0402
Change Physical Footprint: Designator=R24 Old Footprint=J1-0603 New Footprint=J1-0603
Change Physical Footprint: Designator=R25 Old Footprint=0402 New Footprint=0402
Change Physical Footprint: Designator=R26 Old Footprint=J1-0603 New Footprint=J1-0603
Change Physical Footprint: Designator=R27 Old Footprint=J1-0603 New Footprint=J1-0603
Change Physical Footprint: Designator=R28 Old Footprint=0402 New Footprint=0402
Change Physical Footprint: Designator=SW1 Old Footprint=EVQP2 New Footprint=EVQP2
Change Physical Footprint: Designator=SW2 Old Footprint=SSJ1304 New Footprint=SSJ1304
Change Physical Footprint: Designator=U1 Old Footprint=EPIC_LCC68 New Footprint=EPIC_LCC68
Change Physical Footprint: Designator=U2 Old Footprint=TSOT23-5 New Footprint=TSOT23-5
Change Physical Footprint: Designator=U3 Old Footprint=TSSOP50P490X110-10N New Footprint=TSSOP50P490X110-10N
Change Physical Footprint: Designator=U4 Old Footprint=SOT23-3N New Footprint=SOT23-3N
Change Physical Footprint: Designator=U5 Old Footprint=SC70-6 New Footprint=SC70-6
Change Physical Footprint: Designator=U6 Old Footprint=SC70-6 New Footprint=SC70-6
Change Physical Footprint: Designator=U7 Old Footprint=SC70-6 New Footprint=SC70-6
Change Physical Footprint: Designator=U8 Old Footprint=SC70-6 New Footprint=SC70-6
Change Physical Footprint: Designator=U9 Old Footprint=SOT23-5 New Footprint=SOT23-5
Change Physical Footprint: Designator=U10 Old Footprint=ULLGA6 New Footprint=ULLGA6
Change Physical Footprint: Designator=U11 Old Footprint=SOT23-5 New Footprint=SOT23-5
Change Physical Footprint: Designator=UT1 Old Footprint=Transducer New Footprint=Transducer
Change Physical Footprint: Designator=Y1 Old Footprint=RV4162 New Footprint=RV4162
