Removed Pin From Net: NetName=GND Pin=C16-1
Removed Pin From Net: NetName=VREF Pin=C16-2
Removed Pin From Net: NetName=GND Pin=C17-1
Removed Pin From Net: NetName=P1.5 Pin=R8-2
Removed Pin From Net: NetName=AMP3_OUT Pin=R12-1
Removed Pin From Net: NetName=VCC3.3 Pin=R14-2
Removed Pin From Net: NetName=NetC18_2 Pin=R16-2
Removed Pin From Net: NetName=NetD3_1 Pin=R21-1
Removed Pin From Net: NetName=VREF Pin=U8-1
Removed Pin From Net: NetName=GND Pin=U8-2
Removed Member From Class: ClassName=ultrasounic_rx Member=C16
Removed Member From Class: ClassName=ultrasounic_rx Member=C17
Removed Member From Class: ClassName=ultrasounic_rx Member=C25
Removed Member From Class: ClassName=ultrasounic_rx Member=R8
Removed Member From Class: ClassName=ultrasounic_rx Member=R10
Removed Member From Class: ClassName=ultrasounic_rx Member=R12
Removed Member From Class: ClassName=ultrasounic_rx Member=R14
Removed Member From Class: ClassName=ultrasounic_rx Member=R16
Removed Member From Class: ClassName=ultrasounic_rx Member=R21
Removed Member From Class: ClassName=ultrasounic_rx Member=U8
