Removed Pin From Net: NetName=NetJ16_1 Pin=J16-1
Removed Pin From Net: NetName=NetJ18_1 Pin=J18-1
Removed Pin From Net: NetName=NetJ20_1 Pin=J20-1
Removed Pin From Net: NetName=NetJ5_1 Pin=R25-2
Removed Pin From Net: NetName=VCC3.3 Pin=U1-56
Removed Pin From Net: NetName=VCC3.3 Pin=U1-58
Removed Pin From Net: NetName=VCC3.3 Pin=U10-5
Removed Pin From Net: NetName=VCC3.3 Pin=U11-5
Removed Member From Class: ClassName=ultrasounic_rx Member=J16
Removed Member From Class: ClassName=ultrasounic_rx Member=J18
Removed Member From Class: ClassName=ultrasounic_rx Member=J20
Removed Member From Class: ClassName=ultrasounic_tx Member=R25
Change Component Footprint: Designator=R25 Old Footprint=J1-0603 New Footprint=0402
Added Component: Designator=C22(1608[0603])
Added Component: Designator=C23(1608[0603])
Added Component: Designator=C24(1608[0603])
Added Component: Designator=C25(1608[0603])
Added Component: Designator=Q1(SOT23-3N)
Added Component: Designator=R1(J1-0603)
Added Component: Designator=R2(J1-0603)
Added Component: Designator=R3(J1-0603)
Added Component: Designator=R4(J1-0603)
Added Component: Designator=R7(0402)
Added Component: Designator=R8(0402)
Added Component: Designator=R28(0402)
Added Component: Designator=Y1(RV4162)
Added Pin To Net: NetName=AMP1_OUT Pin=C22-1
Added Pin To Net: NetName=NetR3_1 Pin=C22-2
Added Pin To Net: NetName=AMP2_OUT Pin=C23-1
Added Pin To Net: NetName=NetJ16_1 Pin=C23-2
Added Pin To Net: NetName=AMP3_OUT Pin=C24-1
Added Pin To Net: NetName=NetJ18_1 Pin=C24-2
Added Pin To Net: NetName=AMP4_OUT Pin=C25-1
Added Pin To Net: NetName=NetJ20_1 Pin=C25-2
Added Pin To Net: NetName=VCC3.3 Pin=Q1-2
Added Pin To Net: NetName=VCC3.3 Pin=R1-1
Added Pin To Net: NetName=VCC3.3 Pin=R2-1
Added Pin To Net: NetName=NetD1_2 Pin=R3-2
Added Pin To Net: NetName=NetD2_2 Pin=R4-2
Added Pin To Net: NetName=AMP3_OUT Pin=R7-1
Added Pin To Net: NetName=AMP4_OUT Pin=R8-1
Added Pin To Net: NetName=COMP_OUT Pin=R25-1
Added Pin To Net: NetName=NetJ5_1 Pin=R28-2
Added Pin To Net: NetName=GND Pin=Y1-3
Added Pin To Net: NetName=VCC3.3 Pin=Y1-5
Change Net Name : Old Net Name=NetJ5_1 New Net Name=PWM
Change Net Name : Old Net Name=NetJ16_1 New Net Name=NetC23_2
Change Net Name : Old Net Name=NetJ18_1 New Net Name=NetC24_2
Change Net Name : Old Net Name=NetJ20_1 New Net Name=NetC25_2
Change Net Name : Old Net Name=NetR3_1 New Net Name=NetC22_2
Added Pin To Net: NetName=NetR3_1 Pin=R3-1
Added Pin To Net: NetName=NetR3_1 Pin=U1-65
Added Net: Name=NetR3_1
Added Pin To Net: NetName=NetR4_1 Pin=R4-1
Added Pin To Net: NetName=NetR4_1 Pin=U1-67
Added Net: Name=NetR4_1
Added Pin To Net: NetName=NetR28_1 Pin=R28-1
Added Pin To Net: NetName=NetR28_1 Pin=U10-3
Added Pin To Net: NetName=NetR28_1 Pin=U11-4
Added Net: Name=NetR28_1
Added Pin To Net: NetName=P1.2 Pin=R7-2
Added Pin To Net: NetName=P1.2 Pin=U1-30
Added Net: Name=P1.2
Added Pin To Net: NetName=P1.5 Pin=R8-2
Added Pin To Net: NetName=P1.5 Pin=U1-31
Added Net: Name=P1.5
Added Pin To Net: NetName=P1.7 Pin=R25-2
Added Pin To Net: NetName=P1.7 Pin=U1-33
Added Net: Name=P1.7
Added Pin To Net: NetName=R\T\C\_\I\N\T\ Pin=U1-38
Added Pin To Net: NetName=R\T\C\_\I\N\T\ Pin=Y1-6
Added Net: Name=R\T\C\_\I\N\T\
Added Pin To Net: NetName=SCL Pin=R1-2
Added Pin To Net: NetName=SCL Pin=U1-58
Added Pin To Net: NetName=SCL Pin=Y1-8
Added Net: Name=SCL
Added Pin To Net: NetName=SDA Pin=R2-2
Added Pin To Net: NetName=SDA Pin=U1-56
Added Pin To Net: NetName=SDA Pin=Y1-1
Added Net: Name=SDA
Added Pin To Net: NetName=T\X\_\G\A\T\E\ Pin=Q1-1
Added Pin To Net: NetName=T\X\_\G\A\T\E\ Pin=U1-5
Added Net: Name=T\X\_\G\A\T\E\
Added Pin To Net: NetName=VCC_GATE Pin=Q1-3
Added Pin To Net: NetName=VCC_GATE Pin=U10-5
Added Pin To Net: NetName=VCC_GATE Pin=U11-5
Added Net: Name=VCC_GATE
Added Member To Class: ClassName=ultrasounic_rx Member=Component C22 Cap Semi
Added Member To Class: ClassName=ultrasounic_rx Member=Component C23 Cap Semi
Added Member To Class: ClassName=ultrasounic_rx Member=Component C24 Cap Semi
Added Member To Class: ClassName=ultrasounic_rx Member=Component C25 Cap Semi
Added Member To Class: ClassName=ultrasounic_tx Member=Component Q1 ZXM61P03
Added Member To Class: ClassName=epic Member=Component R1 10K
Added Member To Class: ClassName=epic Member=Component R2 10K
Added Member To Class: ClassName=epic Member=Component R3 470
Added Member To Class: ClassName=epic Member=Component R4 470
Added Member To Class: ClassName=ultrasounic_rx Member=Component R7 0
Added Member To Class: ClassName=ultrasounic_rx Member=Component R8 0
Added Member To Class: ClassName=ultrasounic_rx Member=Component R25 0
Added Member To Class: ClassName=ultrasounic_tx Member=Component R28 0
Added Member To Class: ClassName=epic Member=Component Y1 RV-4162-C7
